#
# There is insufficient memory for the Java Runtime Environment to continue.
# Native memory allocation (malloc) failed to allocate 1352496 bytes for Chunk::new
# Possible reasons:
#   The system is out of physical RAM or swap space
#   The process is running with CompressedOops enabled, and the Java Heap may be blocking the growth of the native heap
# Possible solutions:
#   Reduce memory load on the system
#   Increase physical memory or swap space
#   Check if swap backing store is full
#   Decrease Java heap size (-Xmx/-Xms)
#   Decrease number of Java threads
#   Decrease Java thread stack sizes (-Xss)
#   Set larger code cache with -XX:ReservedCodeCacheSize=
#   JVM is running with Unscaled Compressed Oops mode in which the Java heap is
#     placed in the first 4GB address space. The Java Heap base address is the
#     maximum limit for the native heap growth. Please use -XX:HeapBaseMinAddress
#     to set the Java Heap base and to place the Java Heap above 4GB virtual address.
# This output file may be truncated or incomplete.
#
#  Out of Memory Error (arena.cpp:168), pid=8104, tid=6724
#
# JRE version: Java(TM) SE Runtime Environment (21.0.6+8) (build 21.0.6+8-LTS-188)
# Java VM: Java HotSpot(TM) 64-Bit Server VM (21.0.6+8-LTS-188, mixed mode, sharing, tiered, compressed oops, compressed class ptrs, g1 gc, windows-amd64)
# No core dump will be written. Minidumps are not enabled by default on client versions of Windows
#

---------------  S U M M A R Y ------------

Command Line: --add-opens=java.base/java.util=ALL-UNNAMED --add-opens=java.base/java.lang=ALL-UNNAMED --add-opens=java.base/java.lang.invoke=ALL-UNNAMED --add-opens=java.prefs/java.util.prefs=ALL-UNNAMED --add-opens=java.base/java.nio.charset=ALL-UNNAMED --add-opens=java.base/java.net=ALL-UNNAMED --add-opens=java.base/java.util.concurrent.atomic=ALL-UNNAMED -Xmx2048m -Dfile.encoding=UTF-8 -Duser.country=US -Duser.language=en -Duser.variant -javaagent:C:\Users\abhi\.gradle\wrapper\dists\gradle-8.7-bin\bhs2wmbdwecv87pi65oeuq5iu\gradle-8.7\lib\agents\gradle-instrumentation-agent-8.7.jar org.gradle.launcher.daemon.bootstrap.GradleDaemon 8.7

Host: 11th Gen Intel(R) Core(TM) i5-11300H @ 3.10GHz, 8 cores, 15G,  Windows 11 , 64 bit Build 26100 (10.0.26100.4768)
Time: Sat Aug  2 02:17:35 2025 India Standard Time elapsed time: 118.067421 seconds (0d 0h 1m 58s)

---------------  T H R E A D  ---------------

Current thread (0x000001ab05214790):  JavaThread "C2 CompilerThread0" daemon [_thread_in_native, id=6724, stack(0x000000459c500000,0x000000459c600000) (1024K)]


Current CompileTask:
C2: 118067 14581       4       java.lang.invoke.DelegatingMethodHandle::makeReinvokerForm (326 bytes)

Stack: [0x000000459c500000,0x000000459c600000]
Native frames: (J=compiled Java code, j=interpreted, Vv=VM code, C=native code)
V  [jvm.dll+0x6ca6d9]
V  [jvm.dll+0x854f51]
V  [jvm.dll+0x85747e]
V  [jvm.dll+0x857b53]
V  [jvm.dll+0x27dcc6]
V  [jvm.dll+0xc4c2d]
V  [jvm.dll+0xc5163]
V  [jvm.dll+0x3b5122]
V  [jvm.dll+0x1df633]
V  [jvm.dll+0x246a72]
V  [jvm.dll+0x245eff]
V  [jvm.dll+0x1c6d2e]
V  [jvm.dll+0x2554f9]
V  [jvm.dll+0x253a8a]
V  [jvm.dll+0x3ee576]
V  [jvm.dll+0x7ff2fb]
V  [jvm.dll+0x6c8dbd]
C  [ucrtbase.dll+0x37b0]
C  [KERNEL32.DLL+0x2e8d7]
C  [ntdll.dll+0x3c34c]


---------------  P R O C E S S  ---------------

Threads class SMR info:
_java_thread_list=0x000001ab4fe9eed0, length=49, elements={
0x000001ab6654ce10, 0x000001ab04e1ecd0, 0x000001ab04e21fb0, 0x000001ab04e25c60,
0x000001ab04e27530, 0x000001ab04e28c40, 0x000001ab04e393b0, 0x000001ab05214790,
0x000001ab04e3e510, 0x000001ab052fbda0, 0x000001ab052fa360, 0x000001ab052fa9f0,
0x000001ab052f9640, 0x000001ab052f9cd0, 0x000001ab052f8fb0, 0x000001ab052fb080,
0x000001ab052fb710, 0x000001ab4bffa200, 0x000001ab4bff8130, 0x000001ab4bffa890,
0x000001ab4bffaf20, 0x000001ab4bffb5b0, 0x000001ab4bff9b70, 0x000001ab4bff8e50,
0x000001ab4bffc2d0, 0x000001ab4bffc960, 0x000001ab4bff94e0, 0x000001ab4bfff0c0,
0x000001ab4bfff750, 0x000001ab4bffe3a0, 0x000001ab4bffcff0, 0x000001ab4bffdd10,
0x000001ab052fc430, 0x000001ab4d46bb30, 0x000001ab4d46b4a0, 0x000001ab4d46d570,
0x000001ab4d46dc00, 0x000001ab4d46ae10, 0x000001ab4d46e290, 0x000001ab4d46e920,
0x000001ab4d46c850, 0x000001ab4d46efb0, 0x000001ab4d46cee0, 0x000001ab4d46c1c0,
0x000001ab4d471da0, 0x000001ab4d46fcd0, 0x000001ab51547a50, 0x000001ab504293a0,
0x000001ab6073d010
}

Java Threads: ( => current thread )
  0x000001ab6654ce10 JavaThread "main"                              [_thread_blocked, id=16908, stack(0x000000459b700000,0x000000459b800000) (1024K)]
  0x000001ab04e1ecd0 JavaThread "Reference Handler"          daemon [_thread_blocked, id=15352, stack(0x000000459bf00000,0x000000459c000000) (1024K)]
  0x000001ab04e21fb0 JavaThread "Finalizer"                  daemon [_thread_blocked, id=24052, stack(0x000000459c000000,0x000000459c100000) (1024K)]
  0x000001ab04e25c60 JavaThread "Signal Dispatcher"          daemon [_thread_blocked, id=7064, stack(0x000000459c100000,0x000000459c200000) (1024K)]
  0x000001ab04e27530 JavaThread "Attach Listener"            daemon [_thread_blocked, id=2496, stack(0x000000459c200000,0x000000459c300000) (1024K)]
  0x000001ab04e28c40 JavaThread "Service Thread"             daemon [_thread_blocked, id=17372, stack(0x000000459c300000,0x000000459c400000) (1024K)]
  0x000001ab04e393b0 JavaThread "Monitor Deflation Thread"   daemon [_thread_blocked, id=15448, stack(0x000000459c400000,0x000000459c500000) (1024K)]
=>0x000001ab05214790 JavaThread "C2 CompilerThread0"         daemon [_thread_in_native, id=6724, stack(0x000000459c500000,0x000000459c600000) (1024K)]
  0x000001ab04e3e510 JavaThread "C1 CompilerThread0"         daemon [_thread_blocked, id=12880, stack(0x000000459c600000,0x000000459c700000) (1024K)]
  0x000001ab052fbda0 JavaThread "Common-Cleaner"             daemon [_thread_blocked, id=14252, stack(0x000000459c700000,0x000000459c800000) (1024K)]
  0x000001ab052fa360 JavaThread "Notification Thread"        daemon [_thread_blocked, id=15548, stack(0x000000459c800000,0x000000459c900000) (1024K)]
  0x000001ab052fa9f0 JavaThread "Daemon health stats"               [_thread_blocked, id=4656, stack(0x000000459c900000,0x000000459ca00000) (1024K)]
  0x000001ab052f9640 JavaThread "Incoming local TCP Connector on port 61631"        [_thread_in_native, id=25772, stack(0x000000459d000000,0x000000459d100000) (1024K)]
  0x000001ab052f9cd0 JavaThread "Daemon periodic checks"            [_thread_blocked, id=21132, stack(0x000000459d100000,0x000000459d200000) (1024K)]
  0x000001ab052f8fb0 JavaThread "Daemon"                            [_thread_blocked, id=12608, stack(0x000000459d200000,0x000000459d300000) (1024K)]
  0x000001ab052fb080 JavaThread "Handler for socket connection from /127.0.0.1:61631 to /127.0.0.1:61632"        [_thread_in_native, id=5500, stack(0x000000459d300000,0x000000459d400000) (1024K)]
  0x000001ab052fb710 JavaThread "Cancel handler"                    [_thread_blocked, id=4964, stack(0x000000459d400000,0x000000459d500000) (1024K)]
  0x000001ab4bffa200 JavaThread "Daemon worker"                     [_thread_in_vm, id=17756, stack(0x000000459d500000,0x000000459d600000) (1024K)]
  0x000001ab4bff8130 JavaThread "Asynchronous log dispatcher for DefaultDaemonConnection: socket connection from /127.0.0.1:61631 to /127.0.0.1:61632"        [_thread_blocked, id=5344, stack(0x000000459d600000,0x000000459d700000) (1024K)]
  0x000001ab4bffa890 JavaThread "Daemon client event forwarder"        [_thread_blocked, id=24780, stack(0x000000459d800000,0x000000459d900000) (1024K)]
  0x000001ab4bffaf20 JavaThread "Cache worker for journal cache (C:\Users\abhi\.gradle\caches\journal-1)"        [_thread_blocked, id=15568, stack(0x000000459cf00000,0x000000459d000000) (1024K)]
  0x000001ab4bffb5b0 JavaThread "File lock request listener"        [_thread_in_native, id=3456, stack(0x000000459d900000,0x000000459da00000) (1024K)]
  0x000001ab4bff9b70 JavaThread "File lock release action executor"        [_thread_blocked, id=6616, stack(0x000000459da00000,0x000000459db00000) (1024K)]
  0x000001ab4bff8e50 JavaThread "Cache worker for file hash cache (C:\Users\abhi\.gradle\caches\8.7\fileHashes)"        [_thread_blocked, id=20968, stack(0x000000459db00000,0x000000459dc00000) (1024K)]
  0x000001ab4bffc2d0 JavaThread "Cache worker for file hash cache (E:\ZippyFeed\.gradle\8.7\fileHashes)"        [_thread_blocked, id=22564, stack(0x000000459de00000,0x000000459df00000) (1024K)]
  0x000001ab4bffc960 JavaThread "File watcher server"        daemon [_thread_in_native, id=1840, stack(0x000000459e200000,0x000000459e300000) (1024K)]
  0x000001ab4bff94e0 JavaThread "File watcher consumer"      daemon [_thread_blocked, id=25288, stack(0x000000459e300000,0x000000459e400000) (1024K)]
  0x000001ab4bfff0c0 JavaThread "Cache worker for checksums cache (E:\ZippyFeed\.gradle\8.7\checksums)"        [_thread_blocked, id=25616, stack(0x000000459dd00000,0x000000459de00000) (1024K)]
  0x000001ab4bfff750 JavaThread "Cache worker for cache directory md-supplier (C:\Users\abhi\.gradle\caches\8.7\md-supplier)"        [_thread_blocked, id=23464, stack(0x000000459e400000,0x000000459e500000) (1024K)]
  0x000001ab4bffe3a0 JavaThread "Cache worker for cache directory md-rule (C:\Users\abhi\.gradle\caches\8.7\md-rule)"        [_thread_blocked, id=26568, stack(0x000000459e500000,0x000000459e600000) (1024K)]
  0x000001ab4bffcff0 JavaThread "Cache worker for file content cache (C:\Users\abhi\.gradle\caches\8.7\fileContent)"        [_thread_blocked, id=18452, stack(0x000000459e600000,0x000000459e700000) (1024K)]
  0x000001ab4bffdd10 JavaThread "Cache worker for Build Output Cleanup Cache (E:\ZippyFeed\.gradle\buildOutputCleanup)"        [_thread_blocked, id=9932, stack(0x000000459dc00000,0x000000459dd00000) (1024K)]
  0x000001ab052fc430 JavaThread "Unconstrained build operations"        [_thread_blocked, id=25208, stack(0x000000459e700000,0x000000459e800000) (1024K)]
  0x000001ab4d46bb30 JavaThread "Unconstrained build operations Thread 2"        [_thread_blocked, id=27424, stack(0x000000459e800000,0x000000459e900000) (1024K)]
  0x000001ab4d46b4a0 JavaThread "Unconstrained build operations Thread 3"        [_thread_blocked, id=16528, stack(0x000000459e900000,0x000000459ea00000) (1024K)]
  0x000001ab4d46d570 JavaThread "Unconstrained build operations Thread 4"        [_thread_blocked, id=4268, stack(0x000000459ea00000,0x000000459eb00000) (1024K)]
  0x000001ab4d46dc00 JavaThread "Unconstrained build operations Thread 5"        [_thread_blocked, id=17392, stack(0x000000459eb00000,0x000000459ec00000) (1024K)]
  0x000001ab4d46ae10 JavaThread "Unconstrained build operations Thread 6"        [_thread_blocked, id=26828, stack(0x000000459ec00000,0x000000459ed00000) (1024K)]
  0x000001ab4d46e290 JavaThread "Unconstrained build operations Thread 7"        [_thread_blocked, id=24684, stack(0x000000459ed00000,0x000000459ee00000) (1024K)]
  0x000001ab4d46e920 JavaThread "Unconstrained build operations Thread 8"        [_thread_blocked, id=22772, stack(0x000000459ee00000,0x000000459ef00000) (1024K)]
  0x000001ab4d46c850 JavaThread "Unconstrained build operations Thread 9"        [_thread_blocked, id=12956, stack(0x000000459ef00000,0x000000459f000000) (1024K)]
  0x000001ab4d46efb0 JavaThread "Unconstrained build operations Thread 10"        [_thread_blocked, id=27252, stack(0x000000459f000000,0x000000459f100000) (1024K)]
  0x000001ab4d46cee0 JavaThread "Unconstrained build operations Thread 11"        [_thread_blocked, id=17284, stack(0x000000459f100000,0x000000459f200000) (1024K)]
  0x000001ab4d46c1c0 JavaThread "Unconstrained build operations Thread 12"        [_thread_blocked, id=16480, stack(0x000000459f200000,0x000000459f300000) (1024K)]
  0x000001ab4d471da0 JavaThread "Unconstrained build operations Thread 13"        [_thread_blocked, id=26224, stack(0x000000459f300000,0x000000459f400000) (1024K)]
  0x000001ab4d46fcd0 JavaThread "Unconstrained build operations Thread 14"        [_thread_blocked, id=23020, stack(0x000000459f400000,0x000000459f500000) (1024K)]
  0x000001ab51547a50 JavaThread "Memory manager"                    [_thread_blocked, id=12544, stack(0x000000459b500000,0x000000459b600000) (1024K)]
  0x000001ab504293a0 JavaThread "build event listener"              [_thread_blocked, id=13856, stack(0x000000459b600000,0x000000459b700000) (1024K)]
  0x000001ab6073d010 JavaThread "C2 CompilerThread1"         daemon [_thread_blocked, id=5156, stack(0x000000459d700000,0x000000459d800000) (1024K)]
Total: 49

Other Threads:
  0x000001ab04e045e0 VMThread "VM Thread"                           [id=3564, stack(0x000000459be00000,0x000000459bf00000) (1024K)]
  0x000001ab051f1920 WatcherThread "VM Periodic Task Thread"        [id=27184, stack(0x000000459bd00000,0x000000459be00000) (1024K)]
  0x000001ab6660d050 WorkerThread "GC Thread#0"                     [id=12552, stack(0x000000459b800000,0x000000459b900000) (1024K)]
  0x000001ab4b0618f0 WorkerThread "GC Thread#1"                     [id=16224, stack(0x000000459ca00000,0x000000459cb00000) (1024K)]
  0x000001ab4b0c9800 WorkerThread "GC Thread#2"                     [id=1508, stack(0x000000459cb00000,0x000000459cc00000) (1024K)]
  0x000001ab4b0c9ba0 WorkerThread "GC Thread#3"                     [id=18728, stack(0x000000459cc00000,0x000000459cd00000) (1024K)]
  0x000001ab4b0bf8c0 WorkerThread "GC Thread#4"                     [id=16496, stack(0x000000459cd00000,0x000000459ce00000) (1024K)]
  0x000001ab4b0bfc60 WorkerThread "GC Thread#5"                     [id=10100, stack(0x000000459ce00000,0x000000459cf00000) (1024K)]
  0x000001ab4c5ca290 WorkerThread "GC Thread#6"                     [id=23028, stack(0x000000459df00000,0x000000459e000000) (1024K)]
  0x000001ab4c5ca630 WorkerThread "GC Thread#7"                     [id=7044, stack(0x000000459e000000,0x000000459e100000) (1024K)]
  0x000001ab68729ec0 ConcurrentGCThread "G1 Main Marker"            [id=11404, stack(0x000000459b900000,0x000000459ba00000) (1024K)]
  0x000001ab6872b750 WorkerThread "G1 Conc#0"                       [id=22608, stack(0x000000459ba00000,0x000000459bb00000) (1024K)]
  0x000001ab4c5cb4b0 WorkerThread "G1 Conc#1"                       [id=23324, stack(0x000000459e100000,0x000000459e200000) (1024K)]
  0x000001ab04d499d0 ConcurrentGCThread "G1 Refine#0"               [id=20580, stack(0x000000459bb00000,0x000000459bc00000) (1024K)]
  0x000001ab04d49e00 ConcurrentGCThread "G1 Service"                [id=22232, stack(0x000000459bc00000,0x000000459bd00000) (1024K)]
Total: 15

Threads with active compile tasks:
C2 CompilerThread0   118156 14581       4       java.lang.invoke.DelegatingMethodHandle::makeReinvokerForm (326 bytes)
Total: 1

VM state: not at safepoint (normal execution)

VM Mutex/Monitor currently owned by a thread: None

Heap address: 0x0000000080000000, size: 2048 MB, Compressed Oops mode: 32-bit

CDS archive(s) mapped at: [0x000001ab06000000-0x000001ab06c90000-0x000001ab06c90000), size 13172736, SharedBaseAddress: 0x000001ab06000000, ArchiveRelocationMode: 1.
Compressed class space mapped at: 0x000001ab07000000-0x000001ab47000000, reserved size: 1073741824
Narrow klass base: 0x000001ab06000000, Narrow klass shift: 0, Narrow klass range: 0x100000000

GC Precious Log:
 CardTable entry size: 512
 Card Set container configuration: InlinePtr #cards 5 size 8 Array Of Cards #cards 12 size 40 Howl #buckets 4 coarsen threshold 1843 Howl Bitmap #cards 512 size 80 coarsen threshold 460 Card regions per heap region 1 cards per card region 2048
 CPUs: 8 total, 8 available
 Memory: 16167M
 Large Page Support: Disabled
 NUMA Support: Disabled
 Compressed Oops: Enabled (32-bit)
 Heap Region Size: 1M
 Heap Min Capacity: 8M
 Heap Initial Capacity: 254M
 Heap Max Capacity: 2G
 Pre-touch: Disabled
 Parallel Workers: 8
 Concurrent Workers: 2
 Concurrent Refinement Workers: 8
 Periodic GC: Disabled

Heap:
 garbage-first heap   total 239616K, used 169523K [0x0000000080000000, 0x0000000100000000)
  region size 1024K, 31 young (31744K), 6 survivors (6144K)
 Metaspace       used 144050K, committed 146688K, reserved 1179648K
  class space    used 18908K, committed 20224K, reserved 1048576K

Heap Regions: E=young(eden), S=young(survivor), O=old, HS=humongous(starts), HC=humongous(continues), CS=collection set, F=free, TAMS=top-at-mark-start, PB=parsable bottom
|   0|0x0000000080000000, 0x0000000080100000, 0x0000000080100000|100%|HS|  |TAMS 0x0000000080000000| PB 0x0000000080000000| Complete 
|   1|0x0000000080100000, 0x0000000080200000, 0x0000000080200000|100%|HC|  |TAMS 0x0000000080100000| PB 0x0000000080100000| Complete 
|   2|0x0000000080200000, 0x0000000080300000, 0x0000000080300000|100%|HC|  |TAMS 0x0000000080200000| PB 0x0000000080200000| Complete 
|   3|0x0000000080300000, 0x0000000080400000, 0x0000000080400000|100%|HC|  |TAMS 0x0000000080300000| PB 0x0000000080300000| Complete 
|   4|0x0000000080400000, 0x0000000080500000, 0x0000000080500000|100%| O|  |TAMS 0x0000000080400000| PB 0x0000000080400000| Untracked 
|   5|0x0000000080500000, 0x0000000080600000, 0x0000000080600000|100%| O|  |TAMS 0x0000000080500000| PB 0x0000000080500000| Untracked 
|   6|0x0000000080600000, 0x0000000080700000, 0x0000000080700000|100%| O|  |TAMS 0x0000000080600000| PB 0x0000000080600000| Untracked 
|   7|0x0000000080700000, 0x0000000080800000, 0x0000000080800000|100%| O|  |TAMS 0x0000000080700000| PB 0x0000000080700000| Untracked 
|   8|0x0000000080800000, 0x0000000080900000, 0x0000000080900000|100%| O|  |TAMS 0x0000000080800000| PB 0x0000000080800000| Untracked 
|   9|0x0000000080900000, 0x0000000080a00000, 0x0000000080a00000|100%| O|  |TAMS 0x0000000080900000| PB 0x0000000080900000| Untracked 
|  10|0x0000000080a00000, 0x0000000080b00000, 0x0000000080b00000|100%| O|  |TAMS 0x0000000080a00000| PB 0x0000000080a00000| Untracked 
|  11|0x0000000080b00000, 0x0000000080c00000, 0x0000000080c00000|100%| O|  |TAMS 0x0000000080b00000| PB 0x0000000080b00000| Untracked 
|  12|0x0000000080c00000, 0x0000000080d00000, 0x0000000080d00000|100%| O|  |TAMS 0x0000000080c00000| PB 0x0000000080c00000| Untracked 
|  13|0x0000000080d00000, 0x0000000080e00000, 0x0000000080e00000|100%| O|  |TAMS 0x0000000080d00000| PB 0x0000000080d00000| Untracked 
|  14|0x0000000080e00000, 0x0000000080f00000, 0x0000000080f00000|100%| O|  |TAMS 0x0000000080e00000| PB 0x0000000080e00000| Untracked 
|  15|0x0000000080f00000, 0x0000000081000000, 0x0000000081000000|100%| O|  |TAMS 0x0000000080f00000| PB 0x0000000080f00000| Untracked 
|  16|0x0000000081000000, 0x0000000081100000, 0x0000000081100000|100%| O|  |TAMS 0x0000000081000000| PB 0x0000000081000000| Untracked 
|  17|0x0000000081100000, 0x0000000081200000, 0x0000000081200000|100%| O|  |TAMS 0x0000000081100000| PB 0x0000000081100000| Untracked 
|  18|0x0000000081200000, 0x0000000081300000, 0x0000000081300000|100%| O|  |TAMS 0x0000000081200000| PB 0x0000000081200000| Untracked 
|  19|0x0000000081300000, 0x0000000081400000, 0x0000000081400000|100%| O|  |TAMS 0x0000000081300000| PB 0x0000000081300000| Untracked 
|  20|0x0000000081400000, 0x0000000081500000, 0x0000000081500000|100%| O|  |TAMS 0x0000000081400000| PB 0x0000000081400000| Untracked 
|  21|0x0000000081500000, 0x0000000081600000, 0x0000000081600000|100%| O|  |TAMS 0x0000000081500000| PB 0x0000000081500000| Untracked 
|  22|0x0000000081600000, 0x0000000081700000, 0x0000000081700000|100%|HS|  |TAMS 0x0000000081600000| PB 0x0000000081600000| Complete 
|  23|0x0000000081700000, 0x0000000081800000, 0x0000000081800000|100%| O|  |TAMS 0x0000000081700000| PB 0x0000000081700000| Untracked 
|  24|0x0000000081800000, 0x0000000081900000, 0x0000000081900000|100%| O|  |TAMS 0x0000000081800000| PB 0x0000000081800000| Untracked 
|  25|0x0000000081900000, 0x0000000081900000, 0x0000000081a00000|  0%| F|  |TAMS 0x0000000081900000| PB 0x0000000081900000| Untracked 
|  26|0x0000000081a00000, 0x0000000081b00000, 0x0000000081b00000|100%| O|  |TAMS 0x0000000081a00000| PB 0x0000000081a00000| Untracked 
|  27|0x0000000081b00000, 0x0000000081c00000, 0x0000000081c00000|100%| O|  |TAMS 0x0000000081b00000| PB 0x0000000081b00000| Untracked 
|  28|0x0000000081c00000, 0x0000000081d00000, 0x0000000081d00000|100%| O|  |TAMS 0x0000000081c00000| PB 0x0000000081c00000| Untracked 
|  29|0x0000000081d00000, 0x0000000081e00000, 0x0000000081e00000|100%| O|  |TAMS 0x0000000081d00000| PB 0x0000000081d00000| Untracked 
|  30|0x0000000081e00000, 0x0000000081f00000, 0x0000000081f00000|100%| O|  |TAMS 0x0000000081e00000| PB 0x0000000081e00000| Untracked 
|  31|0x0000000081f00000, 0x0000000082000000, 0x0000000082000000|100%| O|  |TAMS 0x0000000081f00000| PB 0x0000000081f00000| Untracked 
|  32|0x0000000082000000, 0x0000000082100000, 0x0000000082100000|100%| O|  |TAMS 0x0000000082000000| PB 0x0000000082000000| Untracked 
|  33|0x0000000082100000, 0x0000000082200000, 0x0000000082200000|100%| O|  |TAMS 0x0000000082100000| PB 0x0000000082100000| Untracked 
|  34|0x0000000082200000, 0x0000000082300000, 0x0000000082300000|100%| O|  |TAMS 0x0000000082200000| PB 0x0000000082200000| Untracked 
|  35|0x0000000082300000, 0x0000000082300000, 0x0000000082400000|  0%| F|  |TAMS 0x0000000082300000| PB 0x0000000082300000| Untracked 
|  36|0x0000000082400000, 0x0000000082500000, 0x0000000082500000|100%| O|  |TAMS 0x0000000082400000| PB 0x0000000082400000| Untracked 
|  37|0x0000000082500000, 0x0000000082600000, 0x0000000082600000|100%| O|  |TAMS 0x0000000082500000| PB 0x0000000082500000| Untracked 
|  38|0x0000000082600000, 0x0000000082700000, 0x0000000082700000|100%| O|  |TAMS 0x0000000082600000| PB 0x0000000082600000| Untracked 
|  39|0x0000000082700000, 0x0000000082800000, 0x0000000082800000|100%| O|  |TAMS 0x0000000082700000| PB 0x0000000082700000| Untracked 
|  40|0x0000000082800000, 0x0000000082900000, 0x0000000082900000|100%| O|  |TAMS 0x0000000082800000| PB 0x0000000082800000| Untracked 
|  41|0x0000000082900000, 0x0000000082a00000, 0x0000000082a00000|100%| O|  |TAMS 0x0000000082900000| PB 0x0000000082900000| Untracked 
|  42|0x0000000082a00000, 0x0000000082b00000, 0x0000000082b00000|100%| O|  |TAMS 0x0000000082a00000| PB 0x0000000082a00000| Untracked 
|  43|0x0000000082b00000, 0x0000000082c00000, 0x0000000082c00000|100%| O|  |TAMS 0x0000000082b00000| PB 0x0000000082b00000| Untracked 
|  44|0x0000000082c00000, 0x0000000082d00000, 0x0000000082d00000|100%| O|  |TAMS 0x0000000082c00000| PB 0x0000000082c00000| Untracked 
|  45|0x0000000082d00000, 0x0000000082e00000, 0x0000000082e00000|100%| O|  |TAMS 0x0000000082d00000| PB 0x0000000082d00000| Untracked 
|  46|0x0000000082e00000, 0x0000000082f00000, 0x0000000082f00000|100%| O|  |TAMS 0x0000000082e00000| PB 0x0000000082e00000| Untracked 
|  47|0x0000000082f00000, 0x0000000083000000, 0x0000000083000000|100%| O|  |TAMS 0x0000000082f00000| PB 0x0000000082f00000| Untracked 
|  48|0x0000000083000000, 0x0000000083100000, 0x0000000083100000|100%| O|  |TAMS 0x0000000083000000| PB 0x0000000083000000| Untracked 
|  49|0x0000000083100000, 0x0000000083200000, 0x0000000083200000|100%| O|  |TAMS 0x0000000083100000| PB 0x0000000083100000| Untracked 
|  50|0x0000000083200000, 0x0000000083300000, 0x0000000083300000|100%| O|  |TAMS 0x0000000083200000| PB 0x0000000083200000| Untracked 
|  51|0x0000000083300000, 0x0000000083400000, 0x0000000083400000|100%| O|  |TAMS 0x0000000083300000| PB 0x0000000083300000| Untracked 
|  52|0x0000000083400000, 0x0000000083500000, 0x0000000083500000|100%| O|  |TAMS 0x0000000083400000| PB 0x0000000083400000| Untracked 
|  53|0x0000000083500000, 0x0000000083600000, 0x0000000083600000|100%| O|  |TAMS 0x0000000083500000| PB 0x0000000083500000| Untracked 
|  54|0x0000000083600000, 0x0000000083700000, 0x0000000083700000|100%| O|  |TAMS 0x0000000083600000| PB 0x0000000083600000| Untracked 
|  55|0x0000000083700000, 0x0000000083800000, 0x0000000083800000|100%| O|  |TAMS 0x0000000083700000| PB 0x0000000083700000| Untracked 
|  56|0x0000000083800000, 0x0000000083900000, 0x0000000083900000|100%| O|  |TAMS 0x0000000083800000| PB 0x0000000083800000| Untracked 
|  57|0x0000000083900000, 0x0000000083a00000, 0x0000000083a00000|100%| O|  |TAMS 0x0000000083900000| PB 0x0000000083900000| Untracked 
|  58|0x0000000083a00000, 0x0000000083b00000, 0x0000000083b00000|100%| O|  |TAMS 0x0000000083a00000| PB 0x0000000083a00000| Untracked 
|  59|0x0000000083b00000, 0x0000000083c00000, 0x0000000083c00000|100%|HS|  |TAMS 0x0000000083b00000| PB 0x0000000083b00000| Complete 
|  60|0x0000000083c00000, 0x0000000083d00000, 0x0000000083d00000|100%|HC|  |TAMS 0x0000000083c00000| PB 0x0000000083c00000| Complete 
|  61|0x0000000083d00000, 0x0000000083e00000, 0x0000000083e00000|100%|HC|  |TAMS 0x0000000083d00000| PB 0x0000000083d00000| Complete 
|  62|0x0000000083e00000, 0x0000000083f00000, 0x0000000083f00000|100%|HC|  |TAMS 0x0000000083e00000| PB 0x0000000083e00000| Complete 
|  63|0x0000000083f00000, 0x0000000084000000, 0x0000000084000000|100%|HC|  |TAMS 0x0000000083f00000| PB 0x0000000083f00000| Complete 
|  64|0x0000000084000000, 0x0000000084100000, 0x0000000084100000|100%|HC|  |TAMS 0x0000000084000000| PB 0x0000000084000000| Complete 
|  65|0x0000000084100000, 0x0000000084200000, 0x0000000084200000|100%|HS|  |TAMS 0x0000000084100000| PB 0x0000000084100000| Complete 
|  66|0x0000000084200000, 0x0000000084300000, 0x0000000084300000|100%|HS|  |TAMS 0x0000000084200000| PB 0x0000000084200000| Complete 
|  67|0x0000000084300000, 0x0000000084400000, 0x0000000084400000|100%|HS|  |TAMS 0x0000000084300000| PB 0x0000000084300000| Complete 
|  68|0x0000000084400000, 0x0000000084500000, 0x0000000084500000|100%|HC|  |TAMS 0x0000000084400000| PB 0x0000000084400000| Complete 
|  69|0x0000000084500000, 0x0000000084600000, 0x0000000084600000|100%| O|  |TAMS 0x0000000084500000| PB 0x0000000084500000| Untracked 
|  70|0x0000000084600000, 0x0000000084700000, 0x0000000084700000|100%|HS|  |TAMS 0x0000000084600000| PB 0x0000000084600000| Complete 
|  71|0x0000000084700000, 0x0000000084800000, 0x0000000084800000|100%|HC|  |TAMS 0x0000000084700000| PB 0x0000000084700000| Complete 
|  72|0x0000000084800000, 0x0000000084900000, 0x0000000084900000|100%|HC|  |TAMS 0x0000000084800000| PB 0x0000000084800000| Complete 
|  73|0x0000000084900000, 0x0000000084a00000, 0x0000000084a00000|100%|HC|  |TAMS 0x0000000084900000| PB 0x0000000084900000| Complete 
|  74|0x0000000084a00000, 0x0000000084b00000, 0x0000000084b00000|100%| O|  |TAMS 0x0000000084a00000| PB 0x0000000084a00000| Untracked 
|  75|0x0000000084b00000, 0x0000000084c00000, 0x0000000084c00000|100%| O|  |TAMS 0x0000000084b00000| PB 0x0000000084b00000| Untracked 
|  76|0x0000000084c00000, 0x0000000084d00000, 0x0000000084d00000|100%| O|  |TAMS 0x0000000084c00000| PB 0x0000000084c00000| Untracked 
|  77|0x0000000084d00000, 0x0000000084e00000, 0x0000000084e00000|100%|HS|  |TAMS 0x0000000084d00000| PB 0x0000000084d00000| Complete 
|  78|0x0000000084e00000, 0x0000000084f00000, 0x0000000084f00000|100%| O|  |TAMS 0x0000000084e00000| PB 0x0000000084e00000| Untracked 
|  79|0x0000000084f00000, 0x0000000085000000, 0x0000000085000000|100%| O|  |TAMS 0x0000000084f00000| PB 0x0000000084f00000| Untracked 
|  80|0x0000000085000000, 0x0000000085100000, 0x0000000085100000|100%| O|  |TAMS 0x0000000085000000| PB 0x0000000085000000| Untracked 
|  81|0x0000000085100000, 0x0000000085200000, 0x0000000085200000|100%| O|  |TAMS 0x0000000085100000| PB 0x0000000085100000| Untracked 
|  82|0x0000000085200000, 0x0000000085300000, 0x0000000085300000|100%| O|  |TAMS 0x0000000085200000| PB 0x0000000085200000| Untracked 
|  83|0x0000000085300000, 0x0000000085400000, 0x0000000085400000|100%| O|  |TAMS 0x0000000085300000| PB 0x0000000085300000| Untracked 
|  84|0x0000000085400000, 0x0000000085500000, 0x0000000085500000|100%| O|  |TAMS 0x0000000085400000| PB 0x0000000085400000| Untracked 
|  85|0x0000000085500000, 0x0000000085600000, 0x0000000085600000|100%| O|  |TAMS 0x0000000085500000| PB 0x0000000085500000| Untracked 
|  86|0x0000000085600000, 0x0000000085700000, 0x0000000085700000|100%| O|  |TAMS 0x0000000085600000| PB 0x0000000085600000| Untracked 
|  87|0x0000000085700000, 0x0000000085800000, 0x0000000085800000|100%| O|  |TAMS 0x0000000085700000| PB 0x0000000085700000| Untracked 
|  88|0x0000000085800000, 0x0000000085900000, 0x0000000085900000|100%| O|  |TAMS 0x0000000085800000| PB 0x0000000085800000| Untracked 
|  89|0x0000000085900000, 0x0000000085a00000, 0x0000000085a00000|100%| O|  |TAMS 0x0000000085900000| PB 0x0000000085900000| Untracked 
|  90|0x0000000085a00000, 0x0000000085a00000, 0x0000000085b00000|  0%| F|  |TAMS 0x0000000085a00000| PB 0x0000000085a00000| Untracked 
|  91|0x0000000085b00000, 0x0000000085b00000, 0x0000000085c00000|  0%| F|  |TAMS 0x0000000085b00000| PB 0x0000000085b00000| Untracked 
|  92|0x0000000085c00000, 0x0000000085d00000, 0x0000000085d00000|100%| O|  |TAMS 0x0000000085c00000| PB 0x0000000085c00000| Untracked 
|  93|0x0000000085d00000, 0x0000000085d00000, 0x0000000085e00000|  0%| F|  |TAMS 0x0000000085d00000| PB 0x0000000085d00000| Untracked 
|  94|0x0000000085e00000, 0x0000000085f00000, 0x0000000085f00000|100%|HS|  |TAMS 0x0000000085e00000| PB 0x0000000085e00000| Complete 
|  95|0x0000000085f00000, 0x0000000086000000, 0x0000000086000000|100%|HC|  |TAMS 0x0000000085f00000| PB 0x0000000085f00000| Complete 
|  96|0x0000000086000000, 0x0000000086100000, 0x0000000086100000|100%|HS|  |TAMS 0x0000000086000000| PB 0x0000000086000000| Complete 
|  97|0x0000000086100000, 0x0000000086200000, 0x0000000086200000|100%|HS|  |TAMS 0x0000000086100000| PB 0x0000000086100000| Complete 
|  98|0x0000000086200000, 0x0000000086300000, 0x0000000086300000|100%| O|  |TAMS 0x0000000086200000| PB 0x0000000086200000| Untracked 
|  99|0x0000000086300000, 0x0000000086400000, 0x0000000086400000|100%|HS|  |TAMS 0x0000000086300000| PB 0x0000000086300000| Complete 
| 100|0x0000000086400000, 0x0000000086500000, 0x0000000086500000|100%|HS|  |TAMS 0x0000000086400000| PB 0x0000000086400000| Complete 
| 101|0x0000000086500000, 0x0000000086600000, 0x0000000086600000|100%| O|  |TAMS 0x0000000086500000| PB 0x0000000086500000| Untracked 
| 102|0x0000000086600000, 0x0000000086700000, 0x0000000086700000|100%| O|  |TAMS 0x0000000086600000| PB 0x0000000086600000| Untracked 
| 103|0x0000000086700000, 0x0000000086800000, 0x0000000086800000|100%| O|  |TAMS 0x0000000086700000| PB 0x0000000086700000| Untracked 
| 104|0x0000000086800000, 0x0000000086900000, 0x0000000086900000|100%| O|  |TAMS 0x0000000086800000| PB 0x0000000086800000| Untracked 
| 105|0x0000000086900000, 0x0000000086a00000, 0x0000000086a00000|100%| O|  |TAMS 0x0000000086900000| PB 0x0000000086900000| Untracked 
| 106|0x0000000086a00000, 0x0000000086b00000, 0x0000000086b00000|100%| O|  |TAMS 0x0000000086a00000| PB 0x0000000086a00000| Untracked 
| 107|0x0000000086b00000, 0x0000000086c00000, 0x0000000086c00000|100%| O|  |TAMS 0x0000000086b00000| PB 0x0000000086b00000| Untracked 
| 108|0x0000000086c00000, 0x0000000086d00000, 0x0000000086d00000|100%| O|  |TAMS 0x0000000086c00000| PB 0x0000000086c00000| Untracked 
| 109|0x0000000086d00000, 0x0000000086e00000, 0x0000000086e00000|100%| O|  |TAMS 0x0000000086d00000| PB 0x0000000086d00000| Untracked 
| 110|0x0000000086e00000, 0x0000000086f00000, 0x0000000086f00000|100%|HS|  |TAMS 0x0000000086e00000| PB 0x0000000086e00000| Complete 
| 111|0x0000000086f00000, 0x0000000087000000, 0x0000000087000000|100%|HC|  |TAMS 0x0000000086f00000| PB 0x0000000086f00000| Complete 
| 112|0x0000000087000000, 0x0000000087100000, 0x0000000087100000|100%|HC|  |TAMS 0x0000000087000000| PB 0x0000000087000000| Complete 
| 113|0x0000000087100000, 0x0000000087200000, 0x0000000087200000|100%|HC|  |TAMS 0x0000000087100000| PB 0x0000000087100000| Complete 
| 114|0x0000000087200000, 0x0000000087300000, 0x0000000087300000|100%| O|  |TAMS 0x0000000087200000| PB 0x0000000087200000| Untracked 
| 115|0x0000000087300000, 0x0000000087400000, 0x0000000087400000|100%| O|  |TAMS 0x0000000087300000| PB 0x0000000087300000| Untracked 
| 116|0x0000000087400000, 0x0000000087500000, 0x0000000087500000|100%| O|  |TAMS 0x0000000087400000| PB 0x0000000087400000| Untracked 
| 117|0x0000000087500000, 0x0000000087600000, 0x0000000087600000|100%| O|  |TAMS 0x0000000087500000| PB 0x0000000087500000| Untracked 
| 118|0x0000000087600000, 0x0000000087700000, 0x0000000087700000|100%| O|  |TAMS 0x0000000087600000| PB 0x0000000087600000| Untracked 
| 119|0x0000000087700000, 0x0000000087800000, 0x0000000087800000|100%| O|  |TAMS 0x0000000087700000| PB 0x0000000087700000| Untracked 
| 120|0x0000000087800000, 0x0000000087900000, 0x0000000087900000|100%| O|  |TAMS 0x0000000087800000| PB 0x0000000087800000| Untracked 
| 121|0x0000000087900000, 0x0000000087a00000, 0x0000000087a00000|100%| O|  |TAMS 0x0000000087900000| PB 0x0000000087900000| Untracked 
| 122|0x0000000087a00000, 0x0000000087b00000, 0x0000000087b00000|100%| O|  |TAMS 0x0000000087a00000| PB 0x0000000087a00000| Untracked 
| 123|0x0000000087b00000, 0x0000000087c00000, 0x0000000087c00000|100%| O|  |TAMS 0x0000000087b00000| PB 0x0000000087b00000| Untracked 
| 124|0x0000000087c00000, 0x0000000087d00000, 0x0000000087d00000|100%| O|  |TAMS 0x0000000087c00000| PB 0x0000000087c00000| Untracked 
| 125|0x0000000087d00000, 0x0000000087e00000, 0x0000000087e00000|100%| O|  |TAMS 0x0000000087d00000| PB 0x0000000087d00000| Untracked 
| 126|0x0000000087e00000, 0x0000000087f00000, 0x0000000087f00000|100%| O|  |TAMS 0x0000000087e00000| PB 0x0000000087e00000| Untracked 
| 127|0x0000000087f00000, 0x0000000088000000, 0x0000000088000000|100%| O|  |TAMS 0x0000000087f00000| PB 0x0000000087f00000| Untracked 
| 128|0x0000000088000000, 0x000000008808cf00, 0x0000000088100000| 55%| O|  |TAMS 0x0000000088000000| PB 0x0000000088000000| Untracked 
| 129|0x0000000088100000, 0x0000000088100000, 0x0000000088200000|  0%| F|  |TAMS 0x0000000088100000| PB 0x0000000088100000| Untracked 
| 130|0x0000000088200000, 0x0000000088200000, 0x0000000088300000|  0%| F|  |TAMS 0x0000000088200000| PB 0x0000000088200000| Untracked 
| 131|0x0000000088300000, 0x0000000088300000, 0x0000000088400000|  0%| F|  |TAMS 0x0000000088300000| PB 0x0000000088300000| Untracked 
| 132|0x0000000088400000, 0x0000000088400000, 0x0000000088500000|  0%| F|  |TAMS 0x0000000088400000| PB 0x0000000088400000| Untracked 
| 133|0x0000000088500000, 0x0000000088500000, 0x0000000088600000|  0%| F|  |TAMS 0x0000000088500000| PB 0x0000000088500000| Untracked 
| 134|0x0000000088600000, 0x0000000088600000, 0x0000000088700000|  0%| F|  |TAMS 0x0000000088600000| PB 0x0000000088600000| Untracked 
| 135|0x0000000088700000, 0x0000000088700000, 0x0000000088800000|  0%| F|  |TAMS 0x0000000088700000| PB 0x0000000088700000| Untracked 
| 136|0x0000000088800000, 0x0000000088900000, 0x0000000088900000|100%| S|CS|TAMS 0x0000000088800000| PB 0x0000000088800000| Complete 
| 137|0x0000000088900000, 0x0000000088a00000, 0x0000000088a00000|100%| S|CS|TAMS 0x0000000088900000| PB 0x0000000088900000| Complete 
| 138|0x0000000088a00000, 0x0000000088b00000, 0x0000000088b00000|100%| S|CS|TAMS 0x0000000088a00000| PB 0x0000000088a00000| Complete 
| 139|0x0000000088b00000, 0x0000000088c00000, 0x0000000088c00000|100%| S|CS|TAMS 0x0000000088b00000| PB 0x0000000088b00000| Complete 
| 140|0x0000000088c00000, 0x0000000088d00000, 0x0000000088d00000|100%| S|CS|TAMS 0x0000000088c00000| PB 0x0000000088c00000| Complete 
| 141|0x0000000088d00000, 0x0000000088e00000, 0x0000000088e00000|100%| S|CS|TAMS 0x0000000088d00000| PB 0x0000000088d00000| Complete 
| 142|0x0000000088e00000, 0x0000000088e00000, 0x0000000088f00000|  0%| F|  |TAMS 0x0000000088e00000| PB 0x0000000088e00000| Untracked 
| 143|0x0000000088f00000, 0x0000000088f00000, 0x0000000089000000|  0%| F|  |TAMS 0x0000000088f00000| PB 0x0000000088f00000| Untracked 
| 144|0x0000000089000000, 0x0000000089000000, 0x0000000089100000|  0%| F|  |TAMS 0x0000000089000000| PB 0x0000000089000000| Untracked 
| 145|0x0000000089100000, 0x0000000089100000, 0x0000000089200000|  0%| F|  |TAMS 0x0000000089100000| PB 0x0000000089100000| Untracked 
| 146|0x0000000089200000, 0x0000000089200000, 0x0000000089300000|  0%| F|  |TAMS 0x0000000089200000| PB 0x0000000089200000| Untracked 
| 147|0x0000000089300000, 0x0000000089300000, 0x0000000089400000|  0%| F|  |TAMS 0x0000000089300000| PB 0x0000000089300000| Untracked 
| 148|0x0000000089400000, 0x0000000089400000, 0x0000000089500000|  0%| F|  |TAMS 0x0000000089400000| PB 0x0000000089400000| Untracked 
| 149|0x0000000089500000, 0x0000000089500000, 0x0000000089600000|  0%| F|  |TAMS 0x0000000089500000| PB 0x0000000089500000| Untracked 
| 150|0x0000000089600000, 0x0000000089600000, 0x0000000089700000|  0%| F|  |TAMS 0x0000000089600000| PB 0x0000000089600000| Untracked 
| 151|0x0000000089700000, 0x0000000089700000, 0x0000000089800000|  0%| F|  |TAMS 0x0000000089700000| PB 0x0000000089700000| Untracked 
| 152|0x0000000089800000, 0x0000000089800000, 0x0000000089900000|  0%| F|  |TAMS 0x0000000089800000| PB 0x0000000089800000| Untracked 
| 153|0x0000000089900000, 0x0000000089900000, 0x0000000089a00000|  0%| F|  |TAMS 0x0000000089900000| PB 0x0000000089900000| Untracked 
| 154|0x0000000089a00000, 0x0000000089a00000, 0x0000000089b00000|  0%| F|  |TAMS 0x0000000089a00000| PB 0x0000000089a00000| Untracked 
| 155|0x0000000089b00000, 0x0000000089b00000, 0x0000000089c00000|  0%| F|  |TAMS 0x0000000089b00000| PB 0x0000000089b00000| Untracked 
| 156|0x0000000089c00000, 0x0000000089c00000, 0x0000000089d00000|  0%| F|  |TAMS 0x0000000089c00000| PB 0x0000000089c00000| Untracked 
| 157|0x0000000089d00000, 0x0000000089d00000, 0x0000000089e00000|  0%| F|  |TAMS 0x0000000089d00000| PB 0x0000000089d00000| Untracked 
| 158|0x0000000089e00000, 0x0000000089e00000, 0x0000000089f00000|  0%| F|  |TAMS 0x0000000089e00000| PB 0x0000000089e00000| Untracked 
| 159|0x0000000089f00000, 0x0000000089f00000, 0x000000008a000000|  0%| F|  |TAMS 0x0000000089f00000| PB 0x0000000089f00000| Untracked 
| 160|0x000000008a000000, 0x000000008a000000, 0x000000008a100000|  0%| F|  |TAMS 0x000000008a000000| PB 0x000000008a000000| Untracked 
| 161|0x000000008a100000, 0x000000008a100000, 0x000000008a200000|  0%| F|  |TAMS 0x000000008a100000| PB 0x000000008a100000| Untracked 
| 162|0x000000008a200000, 0x000000008a200000, 0x000000008a300000|  0%| F|  |TAMS 0x000000008a200000| PB 0x000000008a200000| Untracked 
| 163|0x000000008a300000, 0x000000008a300000, 0x000000008a400000|  0%| F|  |TAMS 0x000000008a300000| PB 0x000000008a300000| Untracked 
| 164|0x000000008a400000, 0x000000008a400000, 0x000000008a500000|  0%| F|  |TAMS 0x000000008a400000| PB 0x000000008a400000| Untracked 
| 165|0x000000008a500000, 0x000000008a500000, 0x000000008a600000|  0%| F|  |TAMS 0x000000008a500000| PB 0x000000008a500000| Untracked 
| 166|0x000000008a600000, 0x000000008a600000, 0x000000008a700000|  0%| F|  |TAMS 0x000000008a600000| PB 0x000000008a600000| Untracked 
| 167|0x000000008a700000, 0x000000008a700000, 0x000000008a800000|  0%| F|  |TAMS 0x000000008a700000| PB 0x000000008a700000| Untracked 
| 168|0x000000008a800000, 0x000000008a800000, 0x000000008a900000|  0%| F|  |TAMS 0x000000008a800000| PB 0x000000008a800000| Untracked 
| 169|0x000000008a900000, 0x000000008a900000, 0x000000008aa00000|  0%| F|  |TAMS 0x000000008a900000| PB 0x000000008a900000| Untracked 
| 170|0x000000008aa00000, 0x000000008aa00000, 0x000000008ab00000|  0%| F|  |TAMS 0x000000008aa00000| PB 0x000000008aa00000| Untracked 
| 171|0x000000008ab00000, 0x000000008ab00000, 0x000000008ac00000|  0%| F|  |TAMS 0x000000008ab00000| PB 0x000000008ab00000| Untracked 
| 172|0x000000008ac00000, 0x000000008ac00000, 0x000000008ad00000|  0%| F|  |TAMS 0x000000008ac00000| PB 0x000000008ac00000| Untracked 
| 173|0x000000008ad00000, 0x000000008ad00000, 0x000000008ae00000|  0%| F|  |TAMS 0x000000008ad00000| PB 0x000000008ad00000| Untracked 
| 174|0x000000008ae00000, 0x000000008ae00000, 0x000000008af00000|  0%| F|  |TAMS 0x000000008ae00000| PB 0x000000008ae00000| Untracked 
| 175|0x000000008af00000, 0x000000008af00000, 0x000000008b000000|  0%| F|  |TAMS 0x000000008af00000| PB 0x000000008af00000| Untracked 
| 176|0x000000008b000000, 0x000000008b000000, 0x000000008b100000|  0%| F|  |TAMS 0x000000008b000000| PB 0x000000008b000000| Untracked 
| 177|0x000000008b100000, 0x000000008b100000, 0x000000008b200000|  0%| F|  |TAMS 0x000000008b100000| PB 0x000000008b100000| Untracked 
| 178|0x000000008b200000, 0x000000008b200000, 0x000000008b300000|  0%| F|  |TAMS 0x000000008b200000| PB 0x000000008b200000| Untracked 
| 179|0x000000008b300000, 0x000000008b300000, 0x000000008b400000|  0%| F|  |TAMS 0x000000008b300000| PB 0x000000008b300000| Untracked 
| 180|0x000000008b400000, 0x000000008b400000, 0x000000008b500000|  0%| F|  |TAMS 0x000000008b400000| PB 0x000000008b400000| Untracked 
| 181|0x000000008b500000, 0x000000008b500000, 0x000000008b600000|  0%| F|  |TAMS 0x000000008b500000| PB 0x000000008b500000| Untracked 
| 182|0x000000008b600000, 0x000000008b600000, 0x000000008b700000|  0%| F|  |TAMS 0x000000008b600000| PB 0x000000008b600000| Untracked 
| 183|0x000000008b700000, 0x000000008b700000, 0x000000008b800000|  0%| F|  |TAMS 0x000000008b700000| PB 0x000000008b700000| Untracked 
| 184|0x000000008b800000, 0x000000008b800000, 0x000000008b900000|  0%| F|  |TAMS 0x000000008b800000| PB 0x000000008b800000| Untracked 
| 185|0x000000008b900000, 0x000000008b900000, 0x000000008ba00000|  0%| F|  |TAMS 0x000000008b900000| PB 0x000000008b900000| Untracked 
| 186|0x000000008ba00000, 0x000000008ba00000, 0x000000008bb00000|  0%| F|  |TAMS 0x000000008ba00000| PB 0x000000008ba00000| Untracked 
| 187|0x000000008bb00000, 0x000000008bb00000, 0x000000008bc00000|  0%| F|  |TAMS 0x000000008bb00000| PB 0x000000008bb00000| Untracked 
| 188|0x000000008bc00000, 0x000000008bc00000, 0x000000008bd00000|  0%| F|  |TAMS 0x000000008bc00000| PB 0x000000008bc00000| Untracked 
| 189|0x000000008bd00000, 0x000000008bd00000, 0x000000008be00000|  0%| F|  |TAMS 0x000000008bd00000| PB 0x000000008bd00000| Untracked 
| 190|0x000000008be00000, 0x000000008be00000, 0x000000008bf00000|  0%| F|  |TAMS 0x000000008be00000| PB 0x000000008be00000| Untracked 
| 191|0x000000008bf00000, 0x000000008bf00000, 0x000000008c000000|  0%| F|  |TAMS 0x000000008bf00000| PB 0x000000008bf00000| Untracked 
| 192|0x000000008c000000, 0x000000008c000000, 0x000000008c100000|  0%| F|  |TAMS 0x000000008c000000| PB 0x000000008c000000| Untracked 
| 193|0x000000008c100000, 0x000000008c100000, 0x000000008c200000|  0%| F|  |TAMS 0x000000008c100000| PB 0x000000008c100000| Untracked 
| 194|0x000000008c200000, 0x000000008c200000, 0x000000008c300000|  0%| F|  |TAMS 0x000000008c200000| PB 0x000000008c200000| Untracked 
| 195|0x000000008c300000, 0x000000008c300000, 0x000000008c400000|  0%| F|  |TAMS 0x000000008c300000| PB 0x000000008c300000| Untracked 
| 196|0x000000008c400000, 0x000000008c400000, 0x000000008c500000|  0%| F|  |TAMS 0x000000008c400000| PB 0x000000008c400000| Untracked 
| 197|0x000000008c500000, 0x000000008c580800, 0x000000008c600000| 50%| E|  |TAMS 0x000000008c500000| PB 0x000000008c500000| Complete 
| 198|0x000000008c600000, 0x000000008c700000, 0x000000008c700000|100%| E|CS|TAMS 0x000000008c600000| PB 0x000000008c600000| Complete 
| 199|0x000000008c700000, 0x000000008c800000, 0x000000008c800000|100%| E|CS|TAMS 0x000000008c700000| PB 0x000000008c700000| Complete 
| 200|0x000000008c800000, 0x000000008c900000, 0x000000008c900000|100%| E|CS|TAMS 0x000000008c800000| PB 0x000000008c800000| Complete 
| 201|0x000000008c900000, 0x000000008ca00000, 0x000000008ca00000|100%| E|CS|TAMS 0x000000008c900000| PB 0x000000008c900000| Complete 
| 202|0x000000008ca00000, 0x000000008cb00000, 0x000000008cb00000|100%| E|CS|TAMS 0x000000008ca00000| PB 0x000000008ca00000| Complete 
| 203|0x000000008cb00000, 0x000000008cc00000, 0x000000008cc00000|100%| E|CS|TAMS 0x000000008cb00000| PB 0x000000008cb00000| Complete 
| 204|0x000000008cc00000, 0x000000008cd00000, 0x000000008cd00000|100%| E|CS|TAMS 0x000000008cc00000| PB 0x000000008cc00000| Complete 
| 205|0x000000008cd00000, 0x000000008ce00000, 0x000000008ce00000|100%| E|CS|TAMS 0x000000008cd00000| PB 0x000000008cd00000| Complete 
| 206|0x000000008ce00000, 0x000000008cf00000, 0x000000008cf00000|100%| E|CS|TAMS 0x000000008ce00000| PB 0x000000008ce00000| Complete 
| 207|0x000000008cf00000, 0x000000008d000000, 0x000000008d000000|100%| E|CS|TAMS 0x000000008cf00000| PB 0x000000008cf00000| Complete 
| 208|0x000000008d000000, 0x000000008d100000, 0x000000008d100000|100%| E|CS|TAMS 0x000000008d000000| PB 0x000000008d000000| Complete 
| 209|0x000000008d100000, 0x000000008d200000, 0x000000008d200000|100%| E|CS|TAMS 0x000000008d100000| PB 0x000000008d100000| Complete 
| 210|0x000000008d200000, 0x000000008d300000, 0x000000008d300000|100%| E|CS|TAMS 0x000000008d200000| PB 0x000000008d200000| Complete 
| 211|0x000000008d300000, 0x000000008d400000, 0x000000008d400000|100%| E|CS|TAMS 0x000000008d300000| PB 0x000000008d300000| Complete 
| 212|0x000000008d400000, 0x000000008d500000, 0x000000008d500000|100%| E|CS|TAMS 0x000000008d400000| PB 0x000000008d400000| Complete 
| 213|0x000000008d500000, 0x000000008d600000, 0x000000008d600000|100%| E|CS|TAMS 0x000000008d500000| PB 0x000000008d500000| Complete 
| 214|0x000000008d600000, 0x000000008d700000, 0x000000008d700000|100%| E|CS|TAMS 0x000000008d600000| PB 0x000000008d600000| Complete 
| 215|0x000000008d700000, 0x000000008d800000, 0x000000008d800000|100%| E|CS|TAMS 0x000000008d700000| PB 0x000000008d700000| Complete 
| 216|0x000000008d800000, 0x000000008d900000, 0x000000008d900000|100%| E|CS|TAMS 0x000000008d800000| PB 0x000000008d800000| Complete 
| 217|0x000000008d900000, 0x000000008da00000, 0x000000008da00000|100%| E|CS|TAMS 0x000000008d900000| PB 0x000000008d900000| Complete 
| 218|0x000000008da00000, 0x000000008db00000, 0x000000008db00000|100%| E|CS|TAMS 0x000000008da00000| PB 0x000000008da00000| Complete 
| 252|0x000000008fc00000, 0x000000008fd00000, 0x000000008fd00000|100%| E|CS|TAMS 0x000000008fc00000| PB 0x000000008fc00000| Complete 
| 253|0x000000008fd00000, 0x000000008fe00000, 0x000000008fe00000|100%| E|CS|TAMS 0x000000008fd00000| PB 0x000000008fd00000| Complete 
|2035|0x00000000ff300000, 0x00000000ff400000, 0x00000000ff400000|100%| O|  |TAMS 0x00000000ff300000| PB 0x00000000ff300000| Untracked 
|2036|0x00000000ff400000, 0x00000000ff500000, 0x00000000ff500000|100%| E|CS|TAMS 0x00000000ff400000| PB 0x00000000ff400000| Complete 
|2037|0x00000000ff500000, 0x00000000ff600000, 0x00000000ff600000|100%| O|  |TAMS 0x00000000ff500000| PB 0x00000000ff500000| Untracked 
|2038|0x00000000ff600000, 0x00000000ff700000, 0x00000000ff700000|100%| O|  |TAMS 0x00000000ff600000| PB 0x00000000ff600000| Untracked 
|2039|0x00000000ff700000, 0x00000000ff800000, 0x00000000ff800000|100%| O|  |TAMS 0x00000000ff700000| PB 0x00000000ff700000| Untracked 
|2040|0x00000000ff800000, 0x00000000ff900000, 0x00000000ff900000|100%| O|  |TAMS 0x00000000ff800000| PB 0x00000000ff800000| Untracked 
|2041|0x00000000ff900000, 0x00000000ffa00000, 0x00000000ffa00000|100%| O|  |TAMS 0x00000000ff900000| PB 0x00000000ff900000| Untracked 
|2042|0x00000000ffa00000, 0x00000000ffb00000, 0x00000000ffb00000|100%| O|  |TAMS 0x00000000ffa00000| PB 0x00000000ffa00000| Untracked 
|2043|0x00000000ffb00000, 0x00000000ffc00000, 0x00000000ffc00000|100%| O|  |TAMS 0x00000000ffb00000| PB 0x00000000ffb00000| Untracked 
|2044|0x00000000ffc00000, 0x00000000ffd00000, 0x00000000ffd00000|100%| O|  |TAMS 0x00000000ffc00000| PB 0x00000000ffc00000| Untracked 
|2045|0x00000000ffd00000, 0x00000000ffe00000, 0x00000000ffe00000|100%| O|  |TAMS 0x00000000ffd00000| PB 0x00000000ffd00000| Untracked 
|2046|0x00000000ffe00000, 0x00000000fff00000, 0x00000000fff00000|100%| O|  |TAMS 0x00000000ffe00000| PB 0x00000000ffe00000| Untracked 
|2047|0x00000000fff00000, 0x0000000100000000, 0x0000000100000000|100%| O|  |TAMS 0x00000000fff00000| PB 0x00000000fff00000| Untracked 

Card table byte_map: [0x000001ab00400000,0x000001ab00800000] _byte_map_base: 0x000001ab00000000

Marking Bits: (CMBitMap*) 0x000001ab6660d660
 Bits: [0x000001ab00800000, 0x000001ab02800000)

Polling page: 0x000001ab66870000

Metaspace:

Usage:
  Non-class:    122.21 MB used.
      Class:     18.47 MB used.
       Both:    140.68 MB used.

Virtual space:
  Non-class space:      128.00 MB reserved,     123.50 MB ( 96%) committed,  2 nodes.
      Class space:        1.00 GB reserved,      19.75 MB (  2%) committed,  1 nodes.
             Both:        1.12 GB reserved,     143.25 MB ( 12%) committed. 

Chunk freelists:
   Non-Class:  4.47 MB
       Class:  12.28 MB
        Both:  16.75 MB

MaxMetaspaceSize: unlimited
CompressedClassSpaceSize: 1.00 GB
Initial GC threshold: 21.00 MB
Current GC threshold: 219.00 MB
CDS: on
 - commit_granule_bytes: 65536.
 - commit_granule_words: 8192.
 - virtual_space_node_default_size: 8388608.
 - enlarge_chunks_in_place: 1.
 - use_allocation_guard: 0.


Internal statistics:

num_allocs_failed_limit: 6.
num_arena_births: 4748.
num_arena_deaths: 0.
num_vsnodes_births: 3.
num_vsnodes_deaths: 0.
num_space_committed: 2290.
num_space_uncommitted: 0.
num_chunks_returned_to_freelist: 6.
num_chunks_taken_from_freelist: 10794.
num_chunk_merges: 6.
num_chunk_splits: 7567.
num_chunks_enlarged: 5191.
num_inconsistent_stats: 0.

CodeHeap 'non-profiled nmethods': size=120000Kb used=7267Kb max_used=7267Kb free=112732Kb
 bounds [0x000001ab78610000, 0x000001ab78d30000, 0x000001ab7fb40000]
CodeHeap 'profiled nmethods': size=120000Kb used=24872Kb max_used=24872Kb free=95127Kb
 bounds [0x000001ab70b40000, 0x000001ab72390000, 0x000001ab78070000]
CodeHeap 'non-nmethods': size=5760Kb used=2681Kb max_used=2718Kb free=3078Kb
 bounds [0x000001ab78070000, 0x000001ab78330000, 0x000001ab78610000]
 total_blobs=13729 nmethods=12687 adapters=944
 compilation: enabled
              stopped_count=0, restarted_count=0
 full_count=0

Compilation events (20 events):
Event: 116.820 Thread 0x000001ab04e3e510 nmethod 14639 0x000001ab78d23d10 code [0x000001ab78d23ea0, 0x000001ab78d23f68]
Event: 116.820 Thread 0x000001ab6073d010 nmethod 14633 0x000001ab78d24010 code [0x000001ab78d241c0, 0x000001ab78d24500]
Event: 116.820 Thread 0x000001ab6073d010 14640       4       com.google.common.collect.RegularImmutableMap::fromEntryArrayCheckingBucketOverflow (282 bytes)
Event: 116.858 Thread 0x000001ab6073d010 nmethod 14640 0x000001ab78d24790 code [0x000001ab78d249e0, 0x000001ab78d257b0]
Event: 116.859 Thread 0x000001ab6073d010 14638       4       java.util.LinkedHashMap::<init> (16 bytes)
Event: 116.862 Thread 0x000001ab6073d010 nmethod 14638 0x000001ab78d25f90 code [0x000001ab78d26120, 0x000001ab78d26220]
Event: 116.867 Thread 0x000001ab04e3e510 14641       3       java.lang.invoke.MethodHandles$Lookup::makeClassDefiner (26 bytes)
Event: 116.868 Thread 0x000001ab04e3e510 nmethod 14641 0x000001ab72383c10 code [0x000001ab72383de0, 0x000001ab72384090]
Event: 116.868 Thread 0x000001ab04e3e510 14642       3       java.lang.invoke.MethodHandles$Lookup$ClassFile::newInstance (80 bytes)
Event: 116.870 Thread 0x000001ab04e3e510 nmethod 14642 0x000001ab72384210 code [0x000001ab723844e0, 0x000001ab72384ff0]
Event: 116.870 Thread 0x000001ab04e3e510 14643       3       java.lang.invoke.MethodHandles$Lookup$ClassFile::readInt (65 bytes)
Event: 116.871 Thread 0x000001ab04e3e510 nmethod 14643 0x000001ab72385510 code [0x000001ab723856e0, 0x000001ab723859b0]
Event: 116.871 Thread 0x000001ab04e3e510 14644       3       jdk.internal.misc.VM::isSupportedClassFileVersion (39 bytes)
Event: 116.871 Thread 0x000001ab04e3e510 nmethod 14644 0x000001ab72385b10 code [0x000001ab72385cc0, 0x000001ab72385f48]
Event: 116.871 Thread 0x000001ab04e3e510 14645       3       jdk.internal.org.objectweb.asm.ClassReader::readConst (276 bytes)
Event: 116.875 Thread 0x000001ab04e3e510 nmethod 14645 0x000001ab72386010 code [0x000001ab723864c0, 0x000001ab72388228]
Event: 116.875 Thread 0x000001ab04e3e510 14646       3       java.lang.invoke.MethodHandles$Lookup::defaultDumper (4 bytes)
Event: 116.875 Thread 0x000001ab04e3e510 nmethod 14646 0x000001ab72388c90 code [0x000001ab72388e20, 0x000001ab72388f18]
Event: 116.999 Thread 0x000001ab6073d010 14647       4       java.lang.invoke.LambdaFormEditor$TransformKey::<init> (15 bytes)
Event: 117.000 Thread 0x000001ab6073d010 nmethod 14647 0x000001ab78d26310 code [0x000001ab78d264a0, 0x000001ab78d26580]

GC Heap History (20 events):
Event: 72.624 GC heap before
{Heap before GC invocations=35 (full 0):
 garbage-first heap   total 181248K, used 163053K [0x0000000080000000, 0x0000000100000000)
  region size 1024K, 60 young (61440K), 7 survivors (7168K)
 Metaspace       used 105453K, committed 107584K, reserved 1179648K
  class space    used 13781K, committed 14848K, reserved 1048576K
}
Event: 72.630 GC heap after
{Heap after GC invocations=36 (full 0):
 garbage-first heap   total 181248K, used 110420K [0x0000000080000000, 0x0000000100000000)
  region size 1024K, 6 young (6144K), 6 survivors (6144K)
 Metaspace       used 105453K, committed 107584K, reserved 1179648K
  class space    used 13781K, committed 14848K, reserved 1048576K
}
Event: 76.551 GC heap before
{Heap before GC invocations=36 (full 0):
 garbage-first heap   total 181248K, used 131924K [0x0000000080000000, 0x0000000100000000)
  region size 1024K, 29 young (29696K), 6 survivors (6144K)
 Metaspace       used 108781K, committed 110912K, reserved 1179648K
  class space    used 14114K, committed 15168K, reserved 1048576K
}
Event: 76.555 GC heap after
{Heap after GC invocations=37 (full 0):
 garbage-first heap   total 181248K, used 111166K [0x0000000080000000, 0x0000000100000000)
  region size 1024K, 3 young (3072K), 3 survivors (3072K)
 Metaspace       used 108781K, committed 110912K, reserved 1179648K
  class space    used 14114K, committed 15168K, reserved 1048576K
}
Event: 77.827 GC heap before
{Heap before GC invocations=38 (full 0):
 garbage-first heap   total 196608K, used 172606K [0x0000000080000000, 0x0000000100000000)
  region size 1024K, 57 young (58368K), 3 survivors (3072K)
 Metaspace       used 112870K, committed 115136K, reserved 1179648K
  class space    used 14607K, committed 15744K, reserved 1048576K
}
Event: 77.832 GC heap after
{Heap after GC invocations=39 (full 0):
 garbage-first heap   total 196608K, used 123043K [0x0000000080000000, 0x0000000100000000)
  region size 1024K, 8 young (8192K), 8 survivors (8192K)
 Metaspace       used 112870K, committed 115136K, reserved 1179648K
  class space    used 14607K, committed 15744K, reserved 1048576K
}
Event: 78.960 GC heap before
{Heap before GC invocations=39 (full 0):
 garbage-first heap   total 196608K, used 176291K [0x0000000080000000, 0x0000000100000000)
  region size 1024K, 60 young (61440K), 8 survivors (8192K)
 Metaspace       used 118191K, committed 120576K, reserved 1179648K
  class space    used 15282K, committed 16448K, reserved 1048576K
}
Event: 78.966 GC heap after
{Heap after GC invocations=40 (full 0):
 garbage-first heap   total 196608K, used 124111K [0x0000000080000000, 0x0000000100000000)
  region size 1024K, 3 young (3072K), 3 survivors (3072K)
 Metaspace       used 118191K, committed 120576K, reserved 1179648K
  class space    used 15282K, committed 16448K, reserved 1048576K
}
Event: 79.280 GC heap before
{Heap before GC invocations=40 (full 0):
 garbage-first heap   total 196608K, used 129231K [0x0000000080000000, 0x0000000100000000)
  region size 1024K, 9 young (9216K), 3 survivors (3072K)
 Metaspace       used 119495K, committed 121856K, reserved 1179648K
  class space    used 15418K, committed 16576K, reserved 1048576K
}
Event: 79.283 GC heap after
{Heap after GC invocations=41 (full 0):
 garbage-first heap   total 196608K, used 125493K [0x0000000080000000, 0x0000000100000000)
  region size 1024K, 4 young (4096K), 4 survivors (4096K)
 Metaspace       used 119495K, committed 121856K, reserved 1179648K
  class space    used 15418K, committed 16576K, reserved 1048576K
}
Event: 81.594 GC heap before
{Heap before GC invocations=42 (full 0):
 garbage-first heap   total 235520K, used 182837K [0x0000000080000000, 0x0000000100000000)
  region size 1024K, 56 young (57344K), 4 survivors (4096K)
 Metaspace       used 122432K, committed 124800K, reserved 1179648K
  class space    used 15822K, committed 17024K, reserved 1048576K
}
Event: 81.600 GC heap after
{Heap after GC invocations=43 (full 0):
 garbage-first heap   total 235520K, used 129468K [0x0000000080000000, 0x0000000100000000)
  region size 1024K, 7 young (7168K), 7 survivors (7168K)
 Metaspace       used 122432K, committed 124800K, reserved 1179648K
  class space    used 15822K, committed 17024K, reserved 1048576K
}
Event: 94.430 GC heap before
{Heap before GC invocations=43 (full 0):
 garbage-first heap   total 235520K, used 208316K [0x0000000080000000, 0x0000000100000000)
  region size 1024K, 81 young (82944K), 7 survivors (7168K)
 Metaspace       used 128680K, committed 131136K, reserved 1179648K
  class space    used 16634K, committed 17856K, reserved 1048576K
}
Event: 94.457 GC heap after
{Heap after GC invocations=44 (full 0):
 garbage-first heap   total 235520K, used 135515K [0x0000000080000000, 0x0000000100000000)
  region size 1024K, 11 young (11264K), 11 survivors (11264K)
 Metaspace       used 128680K, committed 131136K, reserved 1179648K
  class space    used 16634K, committed 17856K, reserved 1048576K
}
Event: 105.363 GC heap before
{Heap before GC invocations=44 (full 0):
 garbage-first heap   total 235520K, used 209243K [0x0000000080000000, 0x0000000100000000)
  region size 1024K, 83 young (84992K), 11 survivors (11264K)
 Metaspace       used 132068K, committed 134528K, reserved 1179648K
  class space    used 17070K, committed 18304K, reserved 1048576K
}
Event: 105.408 GC heap after
{Heap after GC invocations=45 (full 0):
 garbage-first heap   total 235520K, used 141180K [0x0000000080000000, 0x0000000100000000)
  region size 1024K, 11 young (11264K), 11 survivors (11264K)
 Metaspace       used 132068K, committed 134528K, reserved 1179648K
  class space    used 17070K, committed 18304K, reserved 1048576K
}
Event: 109.986 GC heap before
{Heap before GC invocations=46 (full 0):
 garbage-first heap   total 239616K, used 210812K [0x0000000080000000, 0x0000000100000000)
  region size 1024K, 78 young (79872K), 11 survivors (11264K)
 Metaspace       used 137340K, committed 139840K, reserved 1179648K
  class space    used 17950K, committed 19200K, reserved 1048576K
}
Event: 109.997 GC heap after
{Heap after GC invocations=47 (full 0):
 garbage-first heap   total 239616K, used 144218K [0x0000000080000000, 0x0000000100000000)
  region size 1024K, 8 young (8192K), 8 survivors (8192K)
 Metaspace       used 137340K, committed 139840K, reserved 1179648K
  class space    used 17950K, committed 19200K, reserved 1048576K
}
Event: 113.385 GC heap before
{Heap before GC invocations=47 (full 0):
 garbage-first heap   total 239616K, used 217946K [0x0000000080000000, 0x0000000100000000)
  region size 1024K, 80 young (81920K), 8 survivors (8192K)
 Metaspace       used 142398K, committed 145024K, reserved 1179648K
  class space    used 18689K, committed 20032K, reserved 1048576K
}
Event: 113.398 GC heap after
{Heap after GC invocations=48 (full 0):
 garbage-first heap   total 239616K, used 144947K [0x0000000080000000, 0x0000000100000000)
  region size 1024K, 6 young (6144K), 6 survivors (6144K)
 Metaspace       used 142398K, committed 145024K, reserved 1179648K
  class space    used 18689K, committed 20032K, reserved 1048576K
}

Dll operation events (15 events):
Event: 0.017 Loaded shared library C:\Program Files\Java\jdk-21\bin\java.dll
Event: 0.064 Loaded shared library C:\Program Files\Java\jdk-21\bin\jsvml.dll
Event: 0.124 Loaded shared library C:\Program Files\Java\jdk-21\bin\zip.dll
Event: 0.130 Loaded shared library C:\Program Files\Java\jdk-21\bin\instrument.dll
Event: 0.135 Loaded shared library C:\Program Files\Java\jdk-21\bin\net.dll
Event: 0.137 Loaded shared library C:\Program Files\Java\jdk-21\bin\nio.dll
Event: 0.143 Loaded shared library C:\Program Files\Java\jdk-21\bin\zip.dll
Event: 0.465 Loaded shared library C:\Program Files\Java\jdk-21\bin\jimage.dll
Event: 0.538 Loaded shared library C:\Program Files\Java\jdk-21\bin\verify.dll
Event: 0.719 Loaded shared library C:\Users\abhi\.gradle\native\c067742578af261105cb4f569cf0c3c89f3d7b1fecec35dd04571415982c5e48\windows-amd64\native-platform.dll
Event: 0.735 Loaded shared library C:\Users\abhi\.gradle\native\38dada09dfb8b06ba9b0570ebf7e218e3eb74d4ef43ca46872605cf95ebc2f47\windows-amd64\native-platform-file-events.dll
Event: 2.249 Loaded shared library C:\Program Files\Java\jdk-21\bin\management.dll
Event: 2.253 Loaded shared library C:\Program Files\Java\jdk-21\bin\management_ext.dll
Event: 2.828 Loaded shared library C:\Program Files\Java\jdk-21\bin\extnet.dll
Event: 3.043 Loaded shared library C:\Program Files\Java\jdk-21\bin\sunmscapi.dll

Deoptimization events (20 events):
Event: 116.066 Thread 0x000001ab4bffa200 Uncommon trap: trap_request=0xffffffc6 fr.pc=0x000001ab78951810 relative=0x00000000000001b0
Event: 116.066 Thread 0x000001ab4bffa200 Uncommon trap: reason=bimorphic_or_optimized_type_check action=maybe_recompile pc=0x000001ab78951810 method=com.google.common.collect.ImmutableList.copyOf(Ljava/util/Collection;)Lcom/google/common/collect/ImmutableList; @ 16 c2
Event: 116.066 Thread 0x000001ab4bffa200 DEOPT PACKING pc=0x000001ab78951810 sp=0x000000459d5f8ef0
Event: 116.066 Thread 0x000001ab4bffa200 DEOPT UNPACKING pc=0x000001ab780c7da2 sp=0x000000459d5f8e98 mode 2
Event: 116.096 Thread 0x000001ab4bffa200 Uncommon trap: trap_request=0xffffff45 fr.pc=0x000001ab78c53ab0 relative=0x0000000000000850
Event: 116.096 Thread 0x000001ab4bffa200 Uncommon trap: reason=unstable_if action=reinterpret pc=0x000001ab78c53ab0 method=com.google.common.cache.LocalCache$Segment.recordWrite(Lcom/google/common/cache/ReferenceEntry;IJ)V @ 22 c2
Event: 116.096 Thread 0x000001ab4bffa200 DEOPT PACKING pc=0x000001ab78c53ab0 sp=0x000000459d5f8f80
Event: 116.096 Thread 0x000001ab4bffa200 DEOPT UNPACKING pc=0x000001ab780c7da2 sp=0x000000459d5f8eb8 mode 2
Event: 116.097 Thread 0x000001ab4bffa200 Uncommon trap: trap_request=0xffffff45 fr.pc=0x000001ab789c059c relative=0x000000000000007c
Event: 116.097 Thread 0x000001ab4bffa200 Uncommon trap: reason=unstable_if action=reinterpret pc=0x000001ab789c059c method=com.google.common.cache.LocalCache.isExpired(Lcom/google/common/cache/ReferenceEntry;J)Z @ 9 c2
Event: 116.097 Thread 0x000001ab4bffa200 DEOPT PACKING pc=0x000001ab789c059c sp=0x000000459d5f90a0
Event: 116.097 Thread 0x000001ab4bffa200 DEOPT UNPACKING pc=0x000001ab780c7da2 sp=0x000000459d5f9030 mode 2
Event: 116.101 Thread 0x000001ab4bffa200 Uncommon trap: trap_request=0xffffffc6 fr.pc=0x000001ab78951810 relative=0x00000000000001b0
Event: 116.101 Thread 0x000001ab4bffa200 Uncommon trap: reason=bimorphic_or_optimized_type_check action=maybe_recompile pc=0x000001ab78951810 method=com.google.common.collect.ImmutableList.copyOf(Ljava/util/Collection;)Lcom/google/common/collect/ImmutableList; @ 16 c2
Event: 116.102 Thread 0x000001ab4bffa200 DEOPT PACKING pc=0x000001ab78951810 sp=0x000000459d5f8890
Event: 116.102 Thread 0x000001ab4bffa200 DEOPT UNPACKING pc=0x000001ab780c7da2 sp=0x000000459d5f8838 mode 2
Event: 116.469 Thread 0x000001ab4bffa200 Uncommon trap: trap_request=0xffffff45 fr.pc=0x000001ab78c64bec relative=0x00000000000003ec
Event: 116.469 Thread 0x000001ab4bffa200 Uncommon trap: reason=unstable_if action=reinterpret pc=0x000001ab78c64bec method=org.gradle.internal.reflect.PropertyAccessorType.isSetterName(Ljava/lang/String;)Z @ 14 c2
Event: 116.469 Thread 0x000001ab4bffa200 DEOPT PACKING pc=0x000001ab78c64bec sp=0x000000459d5f9420
Event: 116.469 Thread 0x000001ab4bffa200 DEOPT UNPACKING pc=0x000001ab780c7da2 sp=0x000000459d5f9378 mode 2

Classes loaded (20 events):
Event: 113.200 Loading class java/util/concurrent/ConcurrentSkipListMap$KeyIterator
Event: 113.200 Loading class java/util/concurrent/ConcurrentSkipListMap$KeyIterator done
Event: 113.200 Loading class java/net/InetAddress$NameServiceAddresses
Event: 113.201 Loading class java/net/InetAddress$Addresses
Event: 113.201 Loading class java/net/InetAddress$Addresses done
Event: 113.201 Loading class java/net/InetAddress$NameServiceAddresses done
Event: 113.201 Loading class java/net/spi/InetAddressResolverProvider
Event: 113.201 Loading class java/net/spi/InetAddressResolverProvider done
Event: 113.207 Loading class sun/net/InetAddressCachePolicy
Event: 113.208 Loading class sun/net/InetAddressCachePolicy done
Event: 113.208 Loading class sun/net/InetAddressCachePolicy$1
Event: 113.208 Loading class sun/net/InetAddressCachePolicy$1 done
Event: 113.208 Loading class java/net/InetAddress$CachedLookup
Event: 113.209 Loading class java/net/InetAddress$CachedLookup done
Event: 113.209 Loading class java/net/InetAddress$CachedLocalHost
Event: 113.209 Loading class java/net/InetAddress$CachedLocalHost done
Event: 116.896 Loading class java/net/Proxy
Event: 116.896 Loading class java/net/Proxy done
Event: 116.896 Loading class java/net/Proxy$Type
Event: 116.897 Loading class java/net/Proxy$Type done

Classes unloaded (0 events):
No events

Classes redefined (0 events):
No events

Internal exceptions (20 events):
Event: 111.649 Thread 0x000001ab4bffa200 Exception <a 'java/lang/NoSuchMethodError'{0x000000008ce46d58}: 'java.lang.Object java.lang.invoke.Invokers$Holder.invokeExact_MT(java.lang.Object, java.lang.Object, java.lang.Object, int, java.lang.Object, java.lang.Object)'> (0x000000008ce46d58) 
thrown [s\open\src\hotspot\share\interpreter\linkResolver.cpp, line 773]
Event: 112.337 Thread 0x000001ab4bffa200 Exception <a 'java/lang/ClassNotFoundException'{0x000000008beaf508}: com/android/build/gradle/internal/api/ApkVariantOutputImpl_DecoratedBeanInfo> (0x000000008beaf508) 
thrown [s\open\src\hotspot\share\classfile\systemDictionary.cpp, line 312]
Event: 112.339 Thread 0x000001ab4bffa200 Exception <a 'java/lang/ClassNotFoundException'{0x000000008bebcfd8}: com/android/build/gradle/internal/api/ApkVariantOutputImplBeanInfo> (0x000000008bebcfd8) 
thrown [s\open\src\hotspot\share\classfile\systemDictionary.cpp, line 312]
Event: 112.340 Thread 0x000001ab4bffa200 Exception <a 'java/lang/ClassNotFoundException'{0x000000008becaad0}: com/android/build/gradle/internal/api/BaseVariantOutputImplBeanInfo> (0x000000008becaad0) 
thrown [s\open\src\hotspot\share\classfile\systemDictionary.cpp, line 312]
Event: 112.341 Thread 0x000001ab4bffa200 Exception <a 'java/lang/ClassNotFoundException'{0x000000008bed85a0}: com/android/build/gradle/internal/api/BaseVariantOutputImplCustomizer> (0x000000008bed85a0) 
thrown [s\open\src\hotspot\share\classfile\systemDictionary.cpp, line 312]
Event: 112.343 Thread 0x000001ab4bffa200 Exception <a 'java/lang/ClassNotFoundException'{0x000000008bef9330}: com/android/build/gradle/internal/api/ApkVariantOutputImplCustomizer> (0x000000008bef9330) 
thrown [s\open\src\hotspot\share\classfile\systemDictionary.cpp, line 312]
Event: 112.345 Thread 0x000001ab4bffa200 Exception <a 'java/lang/ClassNotFoundException'{0x000000008bd15910}: com/android/build/gradle/internal/api/ApkVariantOutputImpl_DecoratedCustomizer> (0x000000008bd15910) 
thrown [s\open\src\hotspot\share\classfile\systemDictionary.cpp, line 312]
Event: 112.549 Thread 0x000001ab4bffa200 Exception <a 'java/lang/ClassNotFoundException'{0x000000008b6a4b10}: com/android/build/gradle/internal/api/ReadOnlyBuildTypeBeanInfo> (0x000000008b6a4b10) 
thrown [s\open\src\hotspot\share\classfile\systemDictionary.cpp, line 312]
Event: 112.550 Thread 0x000001ab4bffa200 Exception <a 'java/lang/ClassNotFoundException'{0x000000008b6b2578}: com/android/build/gradle/internal/api/ReadOnlyBaseConfigBeanInfo> (0x000000008b6b2578) 
thrown [s\open\src\hotspot\share\classfile\systemDictionary.cpp, line 312]
Event: 112.551 Thread 0x000001ab4bffa200 Exception <a 'java/lang/ClassNotFoundException'{0x000000008b6c0010}: com/android/build/gradle/internal/api/ReadOnlyBaseConfigCustomizer> (0x000000008b6c0010) 
thrown [s\open\src\hotspot\share\classfile\systemDictionary.cpp, line 312]
Event: 112.553 Thread 0x000001ab4bffa200 Exception <a 'java/lang/ClassNotFoundException'{0x000000008b6deaf0}: com/android/build/gradle/internal/api/ReadOnlyBuildTypeCustomizer> (0x000000008b6deaf0) 
thrown [s\open\src\hotspot\share\classfile\systemDictionary.cpp, line 312]
Event: 113.351 Thread 0x000001ab4bffa200 Exception <a 'java/lang/NoSuchMethodError'{0x0000000088e2ffd8}: 'java.lang.Object java.lang.invoke.DirectMethodHandle$Holder.newInvokeSpecial(java.lang.Object, java.lang.Object, java.lang.Object, java.lang.Object, java.lang.Object, java.lang.Object, java.lang.Object, int, java.lang.Object, java.lang.Object)'> (0x0000000088e2ffd8) 
thrown [s\open\src\hotspot\share\interpreter\linkResolver.cpp, line 773]
Event: 115.207 Thread 0x000001ab4bffa200 Implicit null exception at 0x000001ab78cd4c8e to 0x000001ab78cd56b4
Event: 115.207 Thread 0x000001ab4bffa200 Implicit null exception at 0x000001ab78c97069 to 0x000001ab78c97118
Event: 115.210 Thread 0x000001ab4bffa200 Implicit null exception at 0x000001ab78cd4c8e to 0x000001ab78cd56b4
Event: 115.211 Thread 0x000001ab4bffa200 Implicit null exception at 0x000001ab78cd4c8e to 0x000001ab78cd56b4
Event: 115.217 Thread 0x000001ab4bffa200 Implicit null exception at 0x000001ab78cd4c8e to 0x000001ab78cd56b4
Event: 116.475 Thread 0x000001ab4bffa200 Exception <a 'java/lang/NoSuchMethodError'{0x000000008cfc24e0}: 'java.lang.Object java.lang.invoke.DirectMethodHandle$Holder.newInvokeSpecial(java.lang.Object, java.lang.Object, java.lang.Object, java.lang.Object, java.lang.Object, java.lang.Object, int)'> (0x000000008cfc24e0) 
thrown [s\open\src\hotspot\share\interpreter\linkResolver.cpp, line 773]
Event: 116.476 Thread 0x000001ab4bffa200 Exception <a 'java/lang/NoSuchMethodError'{0x000000008cfc71c0}: 'java.lang.Object java.lang.invoke.DirectMethodHandle$Holder.invokeSpecial(java.lang.Object, java.lang.Object, java.lang.Object, java.lang.Object, java.lang.Object, java.lang.Object, java.lang.Object, int)'> (0x000000008cfc71c0) 
thrown [s\open\src\hotspot\share\interpreter\linkResolver.cpp, line 773]
Event: 116.476 Thread 0x000001ab4bffa200 Exception <a 'java/lang/NoSuchMethodError'{0x000000008cfcba90}: 'java.lang.Object java.lang.invoke.Invokers$Holder.linkToTargetMethod(java.lang.Object, java.lang.Object, java.lang.Object, java.lang.Object, java.lang.Object, int, java.lang.Object)'> (0x000000008cfcba90) 
thrown [s\open\src\hotspot\share\interpreter\linkResolver.cpp, line 773]

ZGC Phase Switch (0 events):
No events

VM Operations (20 events):
Event: 109.626 Executing VM operation: Cleanup
Event: 109.641 Executing VM operation: Cleanup done
Event: 109.986 Executing VM operation: G1CollectForAllocation (G1 Evacuation Pause)
Event: 109.997 Executing VM operation: G1CollectForAllocation (G1 Evacuation Pause) done
Event: 111.010 Executing VM operation: Cleanup
Event: 111.029 Executing VM operation: Cleanup done
Event: 112.039 Executing VM operation: Cleanup
Event: 112.042 Executing VM operation: Cleanup done
Event: 113.051 Executing VM operation: Cleanup
Event: 113.052 Executing VM operation: Cleanup done
Event: 113.385 Executing VM operation: G1CollectForAllocation (G1 Evacuation Pause)
Event: 113.398 Executing VM operation: G1CollectForAllocation (G1 Evacuation Pause) done
Event: 113.428 Executing VM operation: HandshakeAllThreads (Deoptimize)
Event: 113.429 Executing VM operation: HandshakeAllThreads (Deoptimize) done
Event: 114.433 Executing VM operation: Cleanup
Event: 114.449 Executing VM operation: Cleanup done
Event: 115.462 Executing VM operation: Cleanup
Event: 115.480 Executing VM operation: Cleanup done
Event: 116.486 Executing VM operation: Cleanup
Event: 116.512 Executing VM operation: Cleanup done

Events (20 events):
Event: 105.648 Thread 0x000001ab04e045e0 flushing nmethod 0x000001ab70eed590
Event: 105.648 Thread 0x000001ab04e045e0 flushing nmethod 0x000001ab70eeda10
Event: 105.648 Thread 0x000001ab04e045e0 flushing nmethod 0x000001ab71041c10
Event: 105.648 Thread 0x000001ab04e045e0 flushing nmethod 0x000001ab71080210
Event: 105.648 Thread 0x000001ab04e045e0 flushing nmethod 0x000001ab710dd210
Event: 105.648 Thread 0x000001ab04e045e0 flushing nmethod 0x000001ab710df890
Event: 105.648 Thread 0x000001ab04e045e0 flushing nmethod 0x000001ab710dff90
Event: 105.648 Thread 0x000001ab04e045e0 flushing nmethod 0x000001ab710e0e90
Event: 105.648 Thread 0x000001ab04e045e0 flushing nmethod 0x000001ab7119a110
Event: 105.648 Thread 0x000001ab04e045e0 flushing nmethod 0x000001ab7149d090
Event: 105.648 Thread 0x000001ab04e045e0 flushing nmethod 0x000001ab7149de90
Event: 105.648 Thread 0x000001ab04e045e0 flushing nmethod 0x000001ab7149f290
Event: 105.648 Thread 0x000001ab04e045e0 flushing nmethod 0x000001ab71533410
Event: 107.093 Thread 0x000001ab6073d010 Thread added: 0x000001ab6073d010
Event: 107.265 Thread 0x000001ab6073d010 Thread exited: 0x000001ab6073d010
Event: 112.554 Thread 0x000001ab6073d010 Thread added: 0x000001ab6073d010
Event: 113.007 Thread 0x000001ab6073d010 Thread exited: 0x000001ab6073d010
Event: 115.111 Thread 0x000001ab6073d010 Thread added: 0x000001ab6073d010
Event: 116.254 Thread 0x000001ab6073d010 Thread exited: 0x000001ab6073d010
Event: 116.395 Thread 0x000001ab6073d010 Thread added: 0x000001ab6073d010


Dynamic libraries:
0x00007ff7ddf00000 - 0x00007ff7ddf10000 	C:\Program Files\Java\jdk-21\bin\java.exe
0x00007ffbf1da0000 - 0x00007ffbf2007000 	C:\WINDOWS\SYSTEM32\ntdll.dll
0x00007ffbf13b0000 - 0x00007ffbf1479000 	C:\WINDOWS\System32\KERNEL32.DLL
0x00007ffbef2a0000 - 0x00007ffbef690000 	C:\WINDOWS\System32\KERNELBASE.dll
0x00007ffbef810000 - 0x00007ffbef95b000 	C:\WINDOWS\System32\ucrtbase.dll
0x00007ffbe9bf0000 - 0x00007ffbe9c09000 	C:\Program Files\Java\jdk-21\bin\jli.dll
0x00007ffbf12f0000 - 0x00007ffbf13a4000 	C:\WINDOWS\System32\ADVAPI32.dll
0x00007ffbd1220000 - 0x00007ffbd123b000 	C:\Program Files\Java\jdk-21\bin\VCRUNTIME140.dll
0x00007ffbf1560000 - 0x00007ffbf1609000 	C:\WINDOWS\System32\msvcrt.dll
0x00007ffbf0200000 - 0x00007ffbf02a6000 	C:\WINDOWS\System32\sechost.dll
0x00007ffbefd40000 - 0x00007ffbefe58000 	C:\WINDOWS\System32\RPCRT4.dll
0x00007ffbf1b90000 - 0x00007ffbf1d55000 	C:\WINDOWS\System32\USER32.dll
0x00007ffbef050000 - 0x00007ffbef077000 	C:\WINDOWS\System32\win32u.dll
0x00007ffbf17c0000 - 0x00007ffbf17eb000 	C:\WINDOWS\System32\GDI32.dll
0x00007ffbef9f0000 - 0x00007ffbefb28000 	C:\WINDOWS\System32\gdi32full.dll
0x00007ffbef760000 - 0x00007ffbef803000 	C:\WINDOWS\System32\msvcp_win.dll
0x00007ffbdf250000 - 0x00007ffbdf4ea000 	C:\WINDOWS\WinSxS\amd64_microsoft.windows.common-controls_6595b64144ccf1df_6.0.26100.4768_none_3e0c112ce331287c\COMCTL32.dll
0x00007ffbe5b20000 - 0x00007ffbe5b2b000 	C:\WINDOWS\SYSTEM32\VERSION.dll
0x00007ffbf07a0000 - 0x00007ffbf07cf000 	C:\WINDOWS\System32\IMM32.DLL
0x00007ffbe9be0000 - 0x00007ffbe9bec000 	C:\Program Files\Java\jdk-21\bin\vcruntime140_1.dll
0x00007ffb76200000 - 0x00007ffb7628e000 	C:\Program Files\Java\jdk-21\bin\msvcp140.dll
0x00007ffb124e0000 - 0x00007ffb131fa000 	C:\Program Files\Java\jdk-21\bin\server\jvm.dll
0x00007ffbf1870000 - 0x00007ffbf18e4000 	C:\WINDOWS\System32\WS2_32.dll
0x00007ffbeed30000 - 0x00007ffbeed8e000 	C:\WINDOWS\SYSTEM32\POWRPROF.dll
0x00007ffbdf510000 - 0x00007ffbdf545000 	C:\WINDOWS\SYSTEM32\WINMM.dll
0x00007ffbeed10000 - 0x00007ffbeed24000 	C:\WINDOWS\SYSTEM32\UMPDC.dll
0x00007ffbedc30000 - 0x00007ffbedc4b000 	C:\WINDOWS\SYSTEM32\kernel.appcore.dll
0x00007ffbd4060000 - 0x00007ffbd406a000 	C:\Program Files\Java\jdk-21\bin\jimage.dll
0x00007ffbec580000 - 0x00007ffbec7c1000 	C:\WINDOWS\SYSTEM32\DBGHELP.DLL
0x00007ffbefe60000 - 0x00007ffbf01e5000 	C:\WINDOWS\System32\combase.dll
0x00007ffbf18f0000 - 0x00007ffbf19d0000 	C:\WINDOWS\System32\OLEAUT32.dll
0x00007ffbdcc10000 - 0x00007ffbdcc53000 	C:\WINDOWS\SYSTEM32\dbgcore.DLL
0x00007ffbef080000 - 0x00007ffbef119000 	C:\WINDOWS\System32\bcryptPrimitives.dll
0x00007ffbd3ee0000 - 0x00007ffbd3eef000 	C:\Program Files\Java\jdk-21\bin\instrument.dll
0x00007ffbcb090000 - 0x00007ffbcb0af000 	C:\Program Files\Java\jdk-21\bin\java.dll
0x00007ffbf0ba0000 - 0x00007ffbf12ed000 	C:\WINDOWS\System32\SHELL32.dll
0x00007ffbeeed0000 - 0x00007ffbef043000 	C:\WINDOWS\System32\wintypes.dll
0x00007ffbeca60000 - 0x00007ffbed2bf000 	C:\WINDOWS\SYSTEM32\windows.storage.dll
0x00007ffbf0aa0000 - 0x00007ffbf0b95000 	C:\WINDOWS\System32\SHCORE.dll
0x00007ffbf1800000 - 0x00007ffbf186a000 	C:\WINDOWS\System32\shlwapi.dll
0x00007ffbeedf0000 - 0x00007ffbeee19000 	C:\WINDOWS\SYSTEM32\profapi.dll
0x00007ffb75de0000 - 0x00007ffb75eb7000 	C:\Program Files\Java\jdk-21\bin\jsvml.dll
0x00007ffbc90b0000 - 0x00007ffbc90c8000 	C:\Program Files\Java\jdk-21\bin\zip.dll
0x00007ffbd3fa0000 - 0x00007ffbd3fb0000 	C:\Program Files\Java\jdk-21\bin\net.dll
0x00007ffbe6fe0000 - 0x00007ffbe70fe000 	C:\WINDOWS\SYSTEM32\WINHTTP.dll
0x00007ffbee1e0000 - 0x00007ffbee24b000 	C:\WINDOWS\system32\mswsock.dll
0x00007ffbcad40000 - 0x00007ffbcad56000 	C:\Program Files\Java\jdk-21\bin\nio.dll
0x00007ffbd1370000 - 0x00007ffbd1380000 	C:\Program Files\Java\jdk-21\bin\verify.dll
0x00007ffbb4d00000 - 0x00007ffbb4d27000 	C:\Users\abhi\.gradle\native\c067742578af261105cb4f569cf0c3c89f3d7b1fecec35dd04571415982c5e48\windows-amd64\native-platform.dll
0x00007ffb73c60000 - 0x00007ffb73da4000 	C:\Users\abhi\.gradle\native\38dada09dfb8b06ba9b0570ebf7e218e3eb74d4ef43ca46872605cf95ebc2f47\windows-amd64\native-platform-file-events.dll
0x00007ffbca2f0000 - 0x00007ffbca2fa000 	C:\Program Files\Java\jdk-21\bin\management.dll
0x00007ffbc7480000 - 0x00007ffbc748b000 	C:\Program Files\Java\jdk-21\bin\management_ext.dll
0x00007ffbf1b80000 - 0x00007ffbf1b88000 	C:\WINDOWS\System32\PSAPI.DLL
0x00007ffbee4a0000 - 0x00007ffbee4bb000 	C:\WINDOWS\SYSTEM32\CRYPTSP.dll
0x00007ffbedb90000 - 0x00007ffbedbcb000 	C:\WINDOWS\system32\rsaenh.dll
0x00007ffbee280000 - 0x00007ffbee2ab000 	C:\WINDOWS\SYSTEM32\USERENV.dll
0x00007ffbeedc0000 - 0x00007ffbeede6000 	C:\WINDOWS\SYSTEM32\bcrypt.dll
0x00007ffbee4c0000 - 0x00007ffbee4cc000 	C:\WINDOWS\SYSTEM32\CRYPTBASE.dll
0x00007ffbed5f0000 - 0x00007ffbed623000 	C:\WINDOWS\SYSTEM32\IPHLPAPI.DLL
0x00007ffbf01f0000 - 0x00007ffbf01fa000 	C:\WINDOWS\System32\NSI.dll
0x00007ffbbd870000 - 0x00007ffbbd879000 	C:\Program Files\Java\jdk-21\bin\extnet.dll
0x00007ffbd3ed0000 - 0x00007ffbd3ede000 	C:\Program Files\Java\jdk-21\bin\sunmscapi.dll
0x00007ffbef120000 - 0x00007ffbef297000 	C:\WINDOWS\System32\CRYPT32.dll
0x00007ffbee6c0000 - 0x00007ffbee6f0000 	C:\WINDOWS\SYSTEM32\ncrypt.dll
0x00007ffbee670000 - 0x00007ffbee6af000 	C:\WINDOWS\SYSTEM32\NTASN1.dll
0x00007ffbd77c0000 - 0x00007ffbd77c8000 	C:\WINDOWS\system32\wshunix.dll
0x00007ffbbcf40000 - 0x00007ffbbcf58000 	C:\WINDOWS\system32\napinsp.dll
0x00007ffbed690000 - 0x00007ffbed7b6000 	C:\WINDOWS\SYSTEM32\DNSAPI.dll
0x00007ffbbb250000 - 0x00007ffbbb262000 	C:\WINDOWS\System32\winrnr.dll
0x00007ffbbb210000 - 0x00007ffbbb240000 	C:\WINDOWS\system32\nlansp_c.dll
0x00007ffbe6490000 - 0x00007ffbe64b0000 	C:\WINDOWS\system32\wshbth.dll
0x00007ffbe7460000 - 0x00007ffbe746b000 	C:\Windows\System32\rasadhlp.dll
0x00007ffbe87f0000 - 0x00007ffbe8876000 	C:\WINDOWS\System32\fwpuclnt.dll

dbghelp: loaded successfully - version: 4.0.5 - missing functions: none
symbol engine: initialized successfully - sym options: 0x614 - pdb path: .;C:\Program Files\Java\jdk-21\bin;C:\WINDOWS\SYSTEM32;C:\WINDOWS\WinSxS\amd64_microsoft.windows.common-controls_6595b64144ccf1df_6.0.26100.4768_none_3e0c112ce331287c;C:\Program Files\Java\jdk-21\bin\server;C:\Users\abhi\.gradle\native\c067742578af261105cb4f569cf0c3c89f3d7b1fecec35dd04571415982c5e48\windows-amd64;C:\Users\abhi\.gradle\native\38dada09dfb8b06ba9b0570ebf7e218e3eb74d4ef43ca46872605cf95ebc2f47\windows-amd64

VM Arguments:
jvm_args: --add-opens=java.base/java.util=ALL-UNNAMED --add-opens=java.base/java.lang=ALL-UNNAMED --add-opens=java.base/java.lang.invoke=ALL-UNNAMED --add-opens=java.prefs/java.util.prefs=ALL-UNNAMED --add-opens=java.base/java.nio.charset=ALL-UNNAMED --add-opens=java.base/java.net=ALL-UNNAMED --add-opens=java.base/java.util.concurrent.atomic=ALL-UNNAMED -Xmx2048m -Dfile.encoding=UTF-8 -Duser.country=US -Duser.language=en -Duser.variant -javaagent:C:\Users\abhi\.gradle\wrapper\dists\gradle-8.7-bin\bhs2wmbdwecv87pi65oeuq5iu\gradle-8.7\lib\agents\gradle-instrumentation-agent-8.7.jar 
java_command: org.gradle.launcher.daemon.bootstrap.GradleDaemon 8.7
java_class_path (initial): C:\Users\abhi\.gradle\wrapper\dists\gradle-8.7-bin\bhs2wmbdwecv87pi65oeuq5iu\gradle-8.7\lib\gradle-launcher-8.7.jar
Launcher Type: SUN_STANDARD

[Global flags]
     intx CICompilerCount                          = 4                                         {product} {ergonomic}
     uint ConcGCThreads                            = 2                                         {product} {ergonomic}
     uint G1ConcRefinementThreads                  = 8                                         {product} {ergonomic}
   size_t G1HeapRegionSize                         = 1048576                                   {product} {ergonomic}
    uintx GCDrainStackTargetSize                   = 64                                        {product} {ergonomic}
   size_t InitialHeapSize                          = 266338304                                 {product} {ergonomic}
   size_t MarkStackSize                            = 4194304                                   {product} {ergonomic}
   size_t MaxHeapSize                              = 2147483648                                {product} {command line}
   size_t MaxNewSize                               = 1287651328                                {product} {ergonomic}
   size_t MinHeapDeltaBytes                        = 1048576                                   {product} {ergonomic}
   size_t MinHeapSize                              = 8388608                                   {product} {ergonomic}
    uintx NonNMethodCodeHeapSize                   = 5839372                                {pd product} {ergonomic}
    uintx NonProfiledCodeHeapSize                  = 122909434                              {pd product} {ergonomic}
    uintx ProfiledCodeHeapSize                     = 122909434                              {pd product} {ergonomic}
    uintx ReservedCodeCacheSize                    = 251658240                              {pd product} {ergonomic}
     bool SegmentedCodeCache                       = true                                      {product} {ergonomic}
   size_t SoftMaxHeapSize                          = 2147483648                             {manageable} {ergonomic}
     bool UseCompressedOops                        = true                           {product lp64_product} {ergonomic}
     bool UseG1GC                                  = true                                      {product} {ergonomic}
     bool UseLargePagesIndividualAllocation        = false                                  {pd product} {ergonomic}

Logging:
Log output configuration:
 #0: stdout all=warning uptime,level,tags foldmultilines=false
 #1: stderr all=off uptime,level,tags foldmultilines=false

Environment Variables:
JAVA_HOME=C:\\Program Files\\Java\\jdk-21
PATH=C:\Users\abhi\bin;C:\Program Files\Git\mingw64\bin;C:\Program Files\Git\usr\local\bin;C:\Program Files\Git\usr\bin;C:\Program Files\Git\usr\bin;C:\Program Files\Git\mingw64\bin;C:\Program Files\Git\usr\bin;C:\Users\abhi\bin;C:\Python313\Scripts;C:\Python313;C:\Program Files\Java\jdk-21\bin;C:\Program Files\Common Files\Oracle\Java\javapath;C:\Program Files (x86)\Common Files\Oracle\Java\java8path;C:\Program Files (x86)\Common Files\Oracle\Java\javapath;C:\WINDOWS\system32;C:\WINDOWS;C:\WINDOWS\System32\Wbem;C:\WINDOWS\System32\WindowsPowerShell\v1.0;C:\WINDOWS\System32\OpenSSH;C:\Program Files\dotnet;C:\Program Files\Git\cmd;.;C:\Program Files\Java\jdk-21.0.5\bin";C:\Program Files\MySQL\MySQL Server 8.0\bin;D:\cursor\resources\app\bin;C:\ProgramData\chocolatey\bin;C:\Program Files\nodejs;C:\WINDOWS\system32;C:\WINDOWS;C:\WINDOWS\System32\Wbem;C:\WINDOWS\System32\WindowsPowerShell\v1.0;C:\WINDOWS\System32\OpenSSH;C:\Program Files (x86)\Microsoft SQL Server\160\Tools\Binn;C:\Program Files\Microsoft SQL Server\160\Tools\Binn;C:\Program Files\Microsoft SQL Server\Client SDK\ODBC\170\Tools\Binn;C:\Program Files\Microsoft SQL Server\160\DTS\Binn;C:\Program Files\MySQL\MySQL Shell 8.0\bin;C:\Users\abhi\AppData\Local\Programs\Python\Python311\Scripts;C:\Users\abhi\AppData\Local\Programs\Python\Python311;C:\Users\abhi\AppData\Local\Microsoft\WindowsApps;C:\MinGW\bin;C:\Users\abhi\Downloads\kotlin-compiler-1.9.10\kotlinc\bin;C:\Program Files\JetBrains\IntelliJ IDEA 2023.2.4\bin;C:\Program Files\JetBrains\IntelliJ IDEA Community Edition 2024.1.2\bin;C:\Users\abhi\AppData\Local\GitHubDesktop\bin;C:\Program Files\Java\jdk-21.0.5\bin;D:\cursor\resources\app\bin;C:\Users\abhi\AppData\Roaming\npm;C:\Users\abhi\AppData\Local\Programs\Microsoft VS Code\bin;E:\Kiro\bin;C:\Program Files\Git\usr\bin\vendor_perl;C:\Program Files\Git\usr\bin\core_perl
USERNAME=abhi
SHELL=C:\Program Files\Git\usr\bin\bash.exe
DISPLAY=needs-to-be-defined
LANG=en_US.UTF-8
TERM=xterm-256color
TMPDIR=C:\Users\abhi\AppData\Local\Temp
OS=Windows_NT
PROCESSOR_IDENTIFIER=Intel64 Family 6 Model 140 Stepping 1, GenuineIntel
TMP=C:\Users\abhi\AppData\Local\Temp
TEMP=C:\Users\abhi\AppData\Local\Temp




Periodic native trim disabled

---------------  S Y S T E M  ---------------

OS:
 Windows 11 , 64 bit Build 26100 (10.0.26100.4768)
OS uptime: 3 days 14:10 hours
Hyper-V role detected

CPU: total 8 (initial active 8) (4 cores per cpu, 2 threads per core) family 6 model 140 stepping 1 microcode 0x8a, cx8, cmov, fxsr, ht, mmx, 3dnowpref, sse, sse2, sse3, ssse3, sse4.1, sse4.2, popcnt, lzcnt, tsc, tscinvbit, avx, avx2, aes, erms, clmul, bmi1, bmi2, adx, avx512f, avx512dq, avx512cd, avx512bw, avx512vl, sha, fma, vzeroupper, avx512_vpopcntdq, avx512_vpclmulqdq, avx512_vaes, avx512_vnni, clflush, clflushopt, clwb, avx512_vbmi2, avx512_vbmi, hv, rdtscp, rdpid, fsrm, gfni, avx512_bitalg, f16c, cet_ibt, cet_ss, avx512_ifma
Processor Information for all 8 processors :
  Max Mhz: 3110, Current Mhz: 3110, Mhz Limit: 3110

Memory: 4k page, system-wide physical 16167M (1272M free)
TotalPageFile size 36062M (AvailPageFile size 18M)
current process WorkingSet (physical memory assigned to process): 584M, peak: 585M
current process commit charge ("private bytes"): 620M, peak: 622M

vm_info: Java HotSpot(TM) 64-Bit Server VM (21.0.6+8-LTS-188) for windows-amd64 JRE (21.0.6+8-LTS-188), built on 2024-12-03T10:50:54Z by "mach5one" with MS VC++ 17.6 (VS2022)

END.
